[ 2016-03-15T09:21:17+08:00 ] ::1 /hms_web1/
INFO: [ app_init ] --START--
INFO: Run Behavior\BuildLiteBehavior [ RunTime:0.000000s ]
INFO: [ app_init ] --END-- [ RunTime:0.011000s ]
INFO: [ app_begin ] --START--
INFO: Run Behavior\ReadHtmlCacheBehavior [ RunTime:0.001000s ]
INFO: [ app_begin ] --END-- [ RunTime:0.002000s ]
SQL: SHOW COLUMNS FROM `hms_menu_web` [ RunTime:0.0040s ]
SQL: SELECT * FROM `hms_menu_web` WHERE `status` = 1 AND `tid` = 1 ORDER BY sort asc,createtime desc  [ RunTime:0.0000s ]
SQL: SHOW COLUMNS FROM `hms_menu_web` [ RunTime:0.0040s ]
SQL: SELECT * FROM `hms_menu_web` WHERE `status` = 1 AND `tid` = 2 ORDER BY sort asc,createtime desc  [ RunTime:0.0000s ]
SQL: SHOW COLUMNS FROM `hms_page` [ RunTime:0.0040s ]
SQL: SELECT * FROM `hms_page` WHERE `id` = 3 ORDER BY id asc LIMIT 1   [ RunTime:0.0000s ]
SQL: SHOW COLUMNS FROM `hms_case_cat` [ RunTime:0.0030s ]
SQL: SELECT * FROM `hms_case_cat` ORDER BY id asc  [ RunTime:0.0000s ]
SQL: SHOW COLUMNS FROM `hms_page` [ RunTime:0.0030s ]
SQL: SELECT * FROM `hms_page` WHERE `id` = 2 ORDER BY id asc LIMIT 1   [ RunTime:0.0010s ]
SQL: SHOW COLUMNS FROM `hms_system_info` [ RunTime:0.0030s ]
SQL: SELECT `systemvalue` FROM `hms_system_info` WHERE `systemkey` = 'domain' ORDER BY id asc LIMIT 1   [ RunTime:0.0000s ]
SQL: SHOW COLUMNS FROM `hms_system_info` [ RunTime:0.0030s ]
SQL: SELECT `systemvalue` FROM `hms_system_info` WHERE `systemkey` = 'phone' ORDER BY id asc LIMIT 1   [ RunTime:0.0010s ]
SQL: SHOW COLUMNS FROM `hms_system_info` [ RunTime:0.0030s ]
SQL: SELECT `systemvalue` FROM `hms_system_info` WHERE `systemkey` = 'qq' ORDER BY id asc LIMIT 1   [ RunTime:0.0000s ]
SQL: SHOW COLUMNS FROM `hms_system_info` [ RunTime:0.0030s ]
SQL: SELECT `systemvalue` FROM `hms_system_info` WHERE `systemkey` = 'footer_content' ORDER BY id asc LIMIT 1   [ RunTime:0.0000s ]
SQL: SHOW COLUMNS FROM `hms_ad_info` [ RunTime:0.0030s ]
SQL: SELECT * FROM `hms_ad_info` WHERE ( l_id = 1 AND is_show = 1 AND flag = 1 AND begin_time <= 1458004877  ) ORDER BY sort ASC  [ RunTime:0.0010s ]
SQL: SHOW COLUMNS FROM `hms_case` [ RunTime:0.0030s ]
SQL: SHOW COLUMNS FROM `hms_case_cat` [ RunTime:0.0030s ]
SQL: SELECT * FROM `hms_case` ORDER BY id desc LIMIT 10   [ RunTime:0.0000s ]
SQL: SELECT `name` FROM `hms_case_cat` WHERE `id` = 2 ORDER BY id asc LIMIT 1   [ RunTime:0.0000s ]
SQL: SELECT `name` FROM `hms_case_cat` WHERE `id` = 2 ORDER BY id asc LIMIT 1   [ RunTime:0.0000s ]
SQL: SHOW COLUMNS FROM `hms_page` [ RunTime:0.0040s ]
SQL: SELECT * FROM `hms_page` WHERE `id` = 1 ORDER BY id asc LIMIT 1   [ RunTime:0.0000s ]
INFO: [ view_parse ] --START--
INFO: [ template_filter ] --START--
INFO: Run Behavior\ContentReplaceBehavior [ RunTime:0.000000s ]
INFO: [ template_filter ] --END-- [ RunTime:0.002000s ]
NOTIC: [8] Undefined index: cid D:\WWW\hms_web1\Application\Runtime\Cache\Web\c8b1e5771bc271e64e454ef6da535ec7.php 第 79 行.
NOTIC: [8] Undefined index: cid D:\WWW\hms_web1\Application\Runtime\Cache\Web\c8b1e5771bc271e64e454ef6da535ec7.php 第 79 行.
INFO: Run Behavior\ParseTemplateBehavior [ RunTime:0.090005s ]
INFO: [ view_parse ] --END-- [ RunTime:0.090005s ]
INFO: [ view_filter ] --START--
INFO: Run Behavior\WriteHtmlCacheBehavior [ RunTime:0.001000s ]
INFO: [ view_filter ] --END-- [ RunTime:0.001000s ]
INFO: [ app_end ] --START--
INFO: Run Behavior\ShowPageTraceBehavior [ RunTime:0.001000s ]
INFO: [ app_end ] --END-- [ RunTime:0.002000s ]

[ 2016-03-15T09:22:52+08:00 ] ::1 /hms_web1/
INFO: [ app_init ] --START--
INFO: Run Behavior\BuildLiteBehavior [ RunTime:0.000000s ]
INFO: [ app_init ] --END-- [ RunTime:0.001000s ]
INFO: [ app_begin ] --START--
INFO: Run Behavior\ReadHtmlCacheBehavior [ RunTime:0.001000s ]
INFO: [ app_begin ] --END-- [ RunTime:0.002000s ]
SQL: SHOW COLUMNS FROM `hms_menu_web` [ RunTime:0.0040s ]
SQL: SELECT * FROM `hms_menu_web` WHERE `status` = 1 AND `tid` = 1 ORDER BY sort asc,createtime desc  [ RunTime:0.0010s ]
SQL: SHOW COLUMNS FROM `hms_menu_web` [ RunTime:0.0040s ]
SQL: SELECT * FROM `hms_menu_web` WHERE `status` = 1 AND `tid` = 2 ORDER BY sort asc,createtime desc  [ RunTime:0.0010s ]
SQL: SHOW COLUMNS FROM `hms_page` [ RunTime:0.0030s ]
SQL: SELECT * FROM `hms_page` WHERE `id` = 3 ORDER BY id asc LIMIT 1   [ RunTime:0.0010s ]
SQL: SHOW COLUMNS FROM `hms_case_cat` [ RunTime:0.0030s ]
SQL: SELECT * FROM `hms_case_cat` ORDER BY id asc  [ RunTime:0.0000s ]
SQL: SHOW COLUMNS FROM `hms_page` [ RunTime:0.0030s ]
SQL: SELECT * FROM `hms_page` WHERE `id` = 2 ORDER BY id asc LIMIT 1   [ RunTime:0.0000s ]
SQL: SHOW COLUMNS FROM `hms_system_info` [ RunTime:0.0030s ]
SQL: SELECT `systemvalue` FROM `hms_system_info` WHERE `systemkey` = 'domain' ORDER BY id asc LIMIT 1   [ RunTime:0.0000s ]
SQL: SHOW COLUMNS FROM `hms_system_info` [ RunTime:0.0040s ]
SQL: SELECT `systemvalue` FROM `hms_system_info` WHERE `systemkey` = 'phone' ORDER BY id asc LIMIT 1   [ RunTime:0.0010s ]
SQL: SHOW COLUMNS FROM `hms_system_info` [ RunTime:0.0030s ]
SQL: SELECT `systemvalue` FROM `hms_system_info` WHERE `systemkey` = 'qq' ORDER BY id asc LIMIT 1   [ RunTime:0.0010s ]
SQL: SHOW COLUMNS FROM `hms_system_info` [ RunTime:0.0030s ]
SQL: SELECT `systemvalue` FROM `hms_system_info` WHERE `systemkey` = 'footer_content' ORDER BY id asc LIMIT 1   [ RunTime:0.0010s ]
SQL: SHOW COLUMNS FROM `hms_ad_info` [ RunTime:0.0030s ]
SQL: SELECT * FROM `hms_ad_info` WHERE ( l_id = 1 AND is_show = 1 AND flag = 1 AND begin_time <= 1458004972  ) ORDER BY sort ASC  [ RunTime:0.0000s ]
SQL: SHOW COLUMNS FROM `hms_case` [ RunTime:0.0040s ]
SQL: SHOW COLUMNS FROM `hms_case_cat` [ RunTime:0.0030s ]
SQL: SELECT * FROM `hms_case` ORDER BY id desc LIMIT 10   [ RunTime:0.0000s ]
SQL: SELECT `name` FROM `hms_case_cat` WHERE `id` = 2 ORDER BY id asc LIMIT 1   [ RunTime:0.0000s ]
SQL: SELECT `name` FROM `hms_case_cat` WHERE `id` = 2 ORDER BY id asc LIMIT 1   [ RunTime:0.0000s ]
SQL: SHOW COLUMNS FROM `hms_page` [ RunTime:0.0030s ]
SQL: SELECT * FROM `hms_page` WHERE `id` = 1 ORDER BY id asc LIMIT 1   [ RunTime:0.0000s ]
INFO: [ view_parse ] --START--
INFO: [ template_filter ] --START--
INFO: Run Behavior\ContentReplaceBehavior [ RunTime:0.000000s ]
INFO: [ template_filter ] --END-- [ RunTime:0.002000s ]
NOTIC: [8] Undefined index: cid D:\WWW\hms_web1\Application\Runtime\Cache\Web\c8b1e5771bc271e64e454ef6da535ec7.php 第 79 行.
NOTIC: [8] Undefined index: cid D:\WWW\hms_web1\Application\Runtime\Cache\Web\c8b1e5771bc271e64e454ef6da535ec7.php 第 79 行.
INFO: Run Behavior\ParseTemplateBehavior [ RunTime:0.089005s ]
INFO: [ view_parse ] --END-- [ RunTime:0.091005s ]
INFO: [ view_filter ] --START--
INFO: Run Behavior\WriteHtmlCacheBehavior [ RunTime:0.001000s ]
INFO: [ view_filter ] --END-- [ RunTime:0.002000s ]
INFO: [ app_end ] --START--
INFO: Run Behavior\ShowPageTraceBehavior [ RunTime:0.001000s ]
INFO: [ app_end ] --END-- [ RunTime:0.002000s ]

