[ 2016-03-31T14:35:38+08:00 ] ::1 /hms_web1/
INFO: [ app_init ] --START--
INFO: Run Behavior\BuildLiteBehavior [ RunTime:0.000000s ]
INFO: [ app_init ] --END-- [ RunTime:0.055003s ]
INFO: [ app_begin ] --START--
INFO: Run Behavior\ReadHtmlCacheBehavior [ RunTime:0.006000s ]
INFO: [ app_begin ] --END-- [ RunTime:0.006000s ]
SQL: SHOW COLUMNS FROM `hms_menu_web` [ RunTime:0.1990s ]
SQL: SELECT * FROM `hms_menu_web` WHERE `status` = 1 AND `tid` = 1 ORDER BY sort asc,createtime desc  [ RunTime:0.0080s ]
SQL: SHOW COLUMNS FROM `hms_menu_web` [ RunTime:0.0040s ]
SQL: SELECT * FROM `hms_menu_web` WHERE `status` = 1 AND `tid` = 2 ORDER BY sort asc,createtime desc  [ RunTime:0.0000s ]
SQL: SHOW COLUMNS FROM `hms_page` [ RunTime:0.0450s ]
SQL: SELECT * FROM `hms_page` WHERE `id` = 3 ORDER BY id asc LIMIT 1   [ RunTime:0.0010s ]
SQL: SHOW COLUMNS FROM `hms_case_cat` [ RunTime:0.0410s ]
SQL: SELECT * FROM `hms_case_cat` ORDER BY id asc  [ RunTime:0.0010s ]
SQL: SHOW COLUMNS FROM `hms_page` [ RunTime:0.0050s ]
SQL: SELECT * FROM `hms_page` WHERE `id` = 2 ORDER BY id asc LIMIT 1   [ RunTime:0.0000s ]
SQL: SHOW COLUMNS FROM `hms_system_info` [ RunTime:0.0270s ]
SQL: SELECT `systemvalue` FROM `hms_system_info` WHERE `systemkey` = 'domain' ORDER BY id asc LIMIT 1   [ RunTime:0.0010s ]
SQL: SHOW COLUMNS FROM `hms_system_info` [ RunTime:0.0050s ]
SQL: SELECT `systemvalue` FROM `hms_system_info` WHERE `systemkey` = 'phone' ORDER BY id asc LIMIT 1   [ RunTime:0.0010s ]
SQL: SHOW COLUMNS FROM `hms_system_info` [ RunTime:0.0040s ]
SQL: SELECT `systemvalue` FROM `hms_system_info` WHERE `systemkey` = 'qq' ORDER BY id asc LIMIT 1   [ RunTime:0.0000s ]
SQL: SHOW COLUMNS FROM `hms_system_info` [ RunTime:0.0020s ]
SQL: SELECT `systemvalue` FROM `hms_system_info` WHERE `systemkey` = 'footer_content' ORDER BY id asc LIMIT 1   [ RunTime:0.0000s ]
SQL: SHOW COLUMNS FROM `hms_ad_info` [ RunTime:0.0500s ]
SQL: SELECT * FROM `hms_ad_info` WHERE ( l_id = 1 AND is_show = 1 AND flag = 1 AND begin_time <= 1459406137  ) ORDER BY sort ASC  [ RunTime:0.0010s ]
SQL: SHOW COLUMNS FROM `hms_case` [ RunTime:0.0390s ]
SQL: SHOW COLUMNS FROM `hms_case_cat` [ RunTime:0.0060s ]
SQL: SELECT * FROM `hms_case` ORDER BY id desc LIMIT 10   [ RunTime:0.0010s ]
SQL: SELECT `name` FROM `hms_case_cat` WHERE `id` = 2 ORDER BY id asc LIMIT 1   [ RunTime:0.0010s ]
SQL: SELECT `name` FROM `hms_case_cat` WHERE `id` = 2 ORDER BY id asc LIMIT 1   [ RunTime:0.0010s ]
SQL: SHOW COLUMNS FROM `hms_page` [ RunTime:0.0030s ]
SQL: SELECT * FROM `hms_page` WHERE `id` = 1 ORDER BY id asc LIMIT 1   [ RunTime:0.0000s ]
INFO: [ view_parse ] --START--
INFO: [ template_filter ] --START--
INFO: Run Behavior\ContentReplaceBehavior [ RunTime:0.000000s ]
INFO: [ template_filter ] --END-- [ RunTime:0.001000s ]
NOTIC: [8] Undefined index: cid D:\WWW\hms_web1\Application\Runtime\Cache\Web\c8b1e5771bc271e64e454ef6da535ec7.php 第 79 行.
NOTIC: [8] Undefined index: cid D:\WWW\hms_web1\Application\Runtime\Cache\Web\c8b1e5771bc271e64e454ef6da535ec7.php 第 79 行.
INFO: Run Behavior\ParseTemplateBehavior [ RunTime:0.216013s ]
INFO: [ view_parse ] --END-- [ RunTime:0.217013s ]
INFO: [ view_filter ] --START--
INFO: Run Behavior\WriteHtmlCacheBehavior [ RunTime:0.027001s ]
INFO: [ view_filter ] --END-- [ RunTime:0.028001s ]
INFO: [ app_end ] --START--
INFO: Run Behavior\ShowPageTraceBehavior [ RunTime:0.008000s ]
INFO: [ app_end ] --END-- [ RunTime:0.009000s ]

[ 2016-03-31T14:36:05+08:00 ] ::1 /hms_web1/Web/Case/detail/cid/2/id/2.html
INFO: [ app_init ] --START--
INFO: Run Behavior\BuildLiteBehavior [ RunTime:0.000000s ]
INFO: [ app_init ] --END-- [ RunTime:0.002000s ]
INFO: [ app_begin ] --START--
INFO: Run Behavior\ReadHtmlCacheBehavior [ RunTime:0.002000s ]
INFO: [ app_begin ] --END-- [ RunTime:0.002000s ]
SQL: SHOW COLUMNS FROM `hms_menu_web` [ RunTime:0.0030s ]
SQL: SELECT * FROM `hms_menu_web` WHERE `status` = 1 AND `tid` = 1 ORDER BY sort asc,createtime desc  [ RunTime:0.0000s ]
SQL: SHOW COLUMNS FROM `hms_menu_web` [ RunTime:0.0030s ]
SQL: SELECT * FROM `hms_menu_web` WHERE `status` = 1 AND `tid` = 2 ORDER BY sort asc,createtime desc  [ RunTime:0.0000s ]
SQL: SHOW COLUMNS FROM `hms_page` [ RunTime:0.0020s ]
SQL: SELECT * FROM `hms_page` WHERE `id` = 3 ORDER BY id asc LIMIT 1   [ RunTime:0.0000s ]
SQL: SHOW COLUMNS FROM `hms_case_cat` [ RunTime:0.0020s ]
SQL: SELECT * FROM `hms_case_cat` ORDER BY id asc  [ RunTime:0.0000s ]
SQL: SHOW COLUMNS FROM `hms_page` [ RunTime:0.0020s ]
SQL: SELECT * FROM `hms_page` WHERE `id` = 2 ORDER BY id asc LIMIT 1   [ RunTime:0.0000s ]
SQL: SHOW COLUMNS FROM `hms_system_info` [ RunTime:0.0020s ]
SQL: SELECT `systemvalue` FROM `hms_system_info` WHERE `systemkey` = 'domain' ORDER BY id asc LIMIT 1   [ RunTime:0.0010s ]
SQL: SHOW COLUMNS FROM `hms_system_info` [ RunTime:0.0030s ]
SQL: SELECT `systemvalue` FROM `hms_system_info` WHERE `systemkey` = 'phone' ORDER BY id asc LIMIT 1   [ RunTime:0.0000s ]
SQL: SHOW COLUMNS FROM `hms_system_info` [ RunTime:0.0020s ]
SQL: SELECT `systemvalue` FROM `hms_system_info` WHERE `systemkey` = 'qq' ORDER BY id asc LIMIT 1   [ RunTime:0.0010s ]
SQL: SHOW COLUMNS FROM `hms_system_info` [ RunTime:0.0030s ]
SQL: SELECT `systemvalue` FROM `hms_system_info` WHERE `systemkey` = 'footer_content' ORDER BY id asc LIMIT 1   [ RunTime:0.0000s ]
SQL: SHOW COLUMNS FROM `hms_ad_info` [ RunTime:0.0030s ]
SQL: SELECT * FROM `hms_ad_info` WHERE ( l_id = 4 AND is_show = 1 AND flag = 1 AND begin_time <= 1459406165  ) ORDER BY sort ASC  [ RunTime:0.0010s ]
SQL: SHOW COLUMNS FROM `hms_case_cat` [ RunTime:0.0030s ]
SQL: SHOW COLUMNS FROM `hms_case` [ RunTime:0.0020s ]
SQL: SELECT * FROM `hms_case_cat` ORDER BY id asc  [ RunTime:0.0000s ]
SQL: SELECT `name` FROM `hms_case_cat` WHERE `id` = 2 ORDER BY id asc LIMIT 1   [ RunTime:0.0010s ]
SQL: SELECT * FROM `hms_case` WHERE `id` = 2 ORDER BY id asc LIMIT 1   [ RunTime:0.0010s ]
INFO: [ view_parse ] --START--
INFO: [ template_filter ] --START--
INFO: Run Behavior\ContentReplaceBehavior [ RunTime:0.000000s ]
INFO: [ template_filter ] --END-- [ RunTime:0.001000s ]
INFO: Run Behavior\ParseTemplateBehavior [ RunTime:0.076004s ]
INFO: [ view_parse ] --END-- [ RunTime:0.078005s ]
INFO: [ view_filter ] --START--
INFO: Run Behavior\WriteHtmlCacheBehavior [ RunTime:0.000000s ]
INFO: [ view_filter ] --END-- [ RunTime:0.002000s ]
INFO: [ app_end ] --START--
INFO: Run Behavior\ShowPageTraceBehavior [ RunTime:0.001000s ]
INFO: [ app_end ] --END-- [ RunTime:0.002000s ]

[ 2016-03-31T14:36:09+08:00 ] ::1 /hms_web1/Web/Case/index/cid/2.html
INFO: [ app_init ] --START--
INFO: Run Behavior\BuildLiteBehavior [ RunTime:0.001000s ]
INFO: [ app_init ] --END-- [ RunTime:0.002000s ]
INFO: [ app_begin ] --START--
INFO: Run Behavior\ReadHtmlCacheBehavior [ RunTime:0.001000s ]
INFO: [ app_begin ] --END-- [ RunTime:0.003000s ]
SQL: SHOW COLUMNS FROM `hms_menu_web` [ RunTime:0.0020s ]
SQL: SELECT * FROM `hms_menu_web` WHERE `status` = 1 AND `tid` = 1 ORDER BY sort asc,createtime desc  [ RunTime:0.0010s ]
SQL: SHOW COLUMNS FROM `hms_menu_web` [ RunTime:0.0030s ]
SQL: SELECT * FROM `hms_menu_web` WHERE `status` = 1 AND `tid` = 2 ORDER BY sort asc,createtime desc  [ RunTime:0.0010s ]
SQL: SHOW COLUMNS FROM `hms_page` [ RunTime:0.0020s ]
SQL: SELECT * FROM `hms_page` WHERE `id` = 3 ORDER BY id asc LIMIT 1   [ RunTime:0.0000s ]
SQL: SHOW COLUMNS FROM `hms_case_cat` [ RunTime:0.0020s ]
SQL: SELECT * FROM `hms_case_cat` ORDER BY id asc  [ RunTime:0.0000s ]
SQL: SHOW COLUMNS FROM `hms_page` [ RunTime:0.0020s ]
SQL: SELECT * FROM `hms_page` WHERE `id` = 2 ORDER BY id asc LIMIT 1   [ RunTime:0.0000s ]
SQL: SHOW COLUMNS FROM `hms_system_info` [ RunTime:0.0020s ]
SQL: SELECT `systemvalue` FROM `hms_system_info` WHERE `systemkey` = 'domain' ORDER BY id asc LIMIT 1   [ RunTime:0.0000s ]
SQL: SHOW COLUMNS FROM `hms_system_info` [ RunTime:0.0020s ]
SQL: SELECT `systemvalue` FROM `hms_system_info` WHERE `systemkey` = 'phone' ORDER BY id asc LIMIT 1   [ RunTime:0.0000s ]
SQL: SHOW COLUMNS FROM `hms_system_info` [ RunTime:0.0020s ]
SQL: SELECT `systemvalue` FROM `hms_system_info` WHERE `systemkey` = 'qq' ORDER BY id asc LIMIT 1   [ RunTime:0.0010s ]
SQL: SHOW COLUMNS FROM `hms_system_info` [ RunTime:0.0020s ]
SQL: SELECT `systemvalue` FROM `hms_system_info` WHERE `systemkey` = 'footer_content' ORDER BY id asc LIMIT 1   [ RunTime:0.0000s ]
SQL: SHOW COLUMNS FROM `hms_ad_info` [ RunTime:0.0030s ]
SQL: SELECT * FROM `hms_ad_info` WHERE ( l_id = 4 AND is_show = 1 AND flag = 1 AND begin_time <= 1459406169  ) ORDER BY sort ASC  [ RunTime:0.0000s ]
SQL: SHOW COLUMNS FROM `hms_case_cat` [ RunTime:0.0020s ]
SQL: SHOW COLUMNS FROM `hms_case` [ RunTime:0.0020s ]
SQL: SELECT * FROM `hms_case_cat` ORDER BY id asc  [ RunTime:0.0010s ]
SQL: SELECT `name` FROM `hms_case_cat` WHERE `id` = 2 ORDER BY id asc LIMIT 1   [ RunTime:0.0010s ]
SQL: SELECT COUNT(*) AS tp_count FROM `hms_case` WHERE ( cid like '%2%' ) LIMIT 1   [ RunTime:0.0240s ]
SQL: SELECT * FROM `hms_case` WHERE ( cid like '%2%' ) ORDER BY id desc LIMIT 0,10   [ RunTime:0.0010s ]
INFO: [ view_parse ] --START--
INFO: [ template_filter ] --START--
INFO: Run Behavior\ContentReplaceBehavior [ RunTime:0.001000s ]
INFO: [ template_filter ] --END-- [ RunTime:0.001000s ]
INFO: Run Behavior\ParseTemplateBehavior [ RunTime:0.089006s ]
INFO: [ view_parse ] --END-- [ RunTime:0.091006s ]
INFO: [ view_filter ] --START--
INFO: Run Behavior\WriteHtmlCacheBehavior [ RunTime:0.000000s ]
INFO: [ view_filter ] --END-- [ RunTime:0.002000s ]
INFO: [ app_end ] --START--
INFO: Run Behavior\ShowPageTraceBehavior [ RunTime:0.001000s ]
INFO: [ app_end ] --END-- [ RunTime:0.002000s ]

[ 2016-03-31T14:36:11+08:00 ] ::1 /hms_web1/Web/Case/index/cid/1.html
INFO: [ app_init ] --START--
INFO: Run Behavior\BuildLiteBehavior [ RunTime:0.000000s ]
INFO: [ app_init ] --END-- [ RunTime:0.002000s ]
INFO: [ app_begin ] --START--
INFO: Run Behavior\ReadHtmlCacheBehavior [ RunTime:0.002000s ]
INFO: [ app_begin ] --END-- [ RunTime:0.003000s ]
SQL: SHOW COLUMNS FROM `hms_menu_web` [ RunTime:0.0020s ]
SQL: SELECT * FROM `hms_menu_web` WHERE `status` = 1 AND `tid` = 1 ORDER BY sort asc,createtime desc  [ RunTime:0.0000s ]
SQL: SHOW COLUMNS FROM `hms_menu_web` [ RunTime:0.0020s ]
SQL: SELECT * FROM `hms_menu_web` WHERE `status` = 1 AND `tid` = 2 ORDER BY sort asc,createtime desc  [ RunTime:0.0000s ]
SQL: SHOW COLUMNS FROM `hms_page` [ RunTime:0.0020s ]
SQL: SELECT * FROM `hms_page` WHERE `id` = 3 ORDER BY id asc LIMIT 1   [ RunTime:0.0010s ]
SQL: SHOW COLUMNS FROM `hms_case_cat` [ RunTime:0.0020s ]
SQL: SELECT * FROM `hms_case_cat` ORDER BY id asc  [ RunTime:0.0010s ]
SQL: SHOW COLUMNS FROM `hms_page` [ RunTime:0.0020s ]
SQL: SELECT * FROM `hms_page` WHERE `id` = 2 ORDER BY id asc LIMIT 1   [ RunTime:0.0010s ]
SQL: SHOW COLUMNS FROM `hms_system_info` [ RunTime:0.0020s ]
SQL: SELECT `systemvalue` FROM `hms_system_info` WHERE `systemkey` = 'domain' ORDER BY id asc LIMIT 1   [ RunTime:0.0000s ]
SQL: SHOW COLUMNS FROM `hms_system_info` [ RunTime:0.0020s ]
SQL: SELECT `systemvalue` FROM `hms_system_info` WHERE `systemkey` = 'phone' ORDER BY id asc LIMIT 1   [ RunTime:0.0010s ]
SQL: SHOW COLUMNS FROM `hms_system_info` [ RunTime:0.0020s ]
SQL: SELECT `systemvalue` FROM `hms_system_info` WHERE `systemkey` = 'qq' ORDER BY id asc LIMIT 1   [ RunTime:0.0000s ]
SQL: SHOW COLUMNS FROM `hms_system_info` [ RunTime:0.0020s ]
SQL: SELECT `systemvalue` FROM `hms_system_info` WHERE `systemkey` = 'footer_content' ORDER BY id asc LIMIT 1   [ RunTime:0.0000s ]
SQL: SHOW COLUMNS FROM `hms_ad_info` [ RunTime:0.0020s ]
SQL: SELECT * FROM `hms_ad_info` WHERE ( l_id = 4 AND is_show = 1 AND flag = 1 AND begin_time <= 1459406171  ) ORDER BY sort ASC  [ RunTime:0.0000s ]
SQL: SHOW COLUMNS FROM `hms_case_cat` [ RunTime:0.0020s ]
SQL: SHOW COLUMNS FROM `hms_case` [ RunTime:0.0020s ]
SQL: SELECT * FROM `hms_case_cat` ORDER BY id asc  [ RunTime:0.0000s ]
SQL: SELECT `name` FROM `hms_case_cat` WHERE `id` = 1 ORDER BY id asc LIMIT 1   [ RunTime:0.0000s ]
SQL: SELECT COUNT(*) AS tp_count FROM `hms_case` WHERE ( cid like '%1%' ) LIMIT 1   [ RunTime:0.0000s ]
SQL: SELECT * FROM `hms_case` WHERE ( cid like '%1%' ) ORDER BY id desc LIMIT 0,10   [ RunTime:0.0010s ]
INFO: [ view_parse ] --START--
INFO: [ template_filter ] --START--
INFO: Run Behavior\ContentReplaceBehavior [ RunTime:0.000000s ]
INFO: [ template_filter ] --END-- [ RunTime:0.002000s ]
INFO: Run Behavior\ParseTemplateBehavior [ RunTime:0.063003s ]
INFO: [ view_parse ] --END-- [ RunTime:0.065004s ]
INFO: [ view_filter ] --START--
INFO: Run Behavior\WriteHtmlCacheBehavior [ RunTime:0.001000s ]
INFO: [ view_filter ] --END-- [ RunTime:0.001000s ]
INFO: [ app_end ] --START--
INFO: Run Behavior\ShowPageTraceBehavior [ RunTime:0.001000s ]
INFO: [ app_end ] --END-- [ RunTime:0.002000s ]

[ 2016-03-31T14:39:29+08:00 ] ::1 /hms_web1/
INFO: [ app_init ] --START--
INFO: Run Behavior\BuildLiteBehavior [ RunTime:0.001000s ]
INFO: [ app_init ] --END-- [ RunTime:0.002000s ]
INFO: [ app_begin ] --START--
INFO: Run Behavior\ReadHtmlCacheBehavior [ RunTime:0.002000s ]
INFO: [ app_begin ] --END-- [ RunTime:0.004000s ]
SQL: SHOW COLUMNS FROM `hms_menu_web` [ RunTime:0.0030s ]
SQL: SELECT * FROM `hms_menu_web` WHERE `status` = 1 AND `tid` = 1 ORDER BY sort asc,createtime desc  [ RunTime:0.0010s ]
SQL: SHOW COLUMNS FROM `hms_menu_web` [ RunTime:0.0020s ]
SQL: SELECT * FROM `hms_menu_web` WHERE `status` = 1 AND `tid` = 2 ORDER BY sort asc,createtime desc  [ RunTime:0.0000s ]
SQL: SHOW COLUMNS FROM `hms_page` [ RunTime:0.0030s ]
SQL: SELECT * FROM `hms_page` WHERE `id` = 3 ORDER BY id asc LIMIT 1   [ RunTime:0.0010s ]
SQL: SHOW COLUMNS FROM `hms_case_cat` [ RunTime:0.0020s ]
SQL: SELECT * FROM `hms_case_cat` ORDER BY id asc  [ RunTime:0.0010s ]
SQL: SHOW COLUMNS FROM `hms_page` [ RunTime:0.0030s ]
SQL: SELECT * FROM `hms_page` WHERE `id` = 2 ORDER BY id asc LIMIT 1   [ RunTime:0.0000s ]
SQL: SHOW COLUMNS FROM `hms_system_info` [ RunTime:0.0020s ]
SQL: SELECT `systemvalue` FROM `hms_system_info` WHERE `systemkey` = 'domain' ORDER BY id asc LIMIT 1   [ RunTime:0.0000s ]
SQL: SHOW COLUMNS FROM `hms_system_info` [ RunTime:0.0020s ]
SQL: SELECT `systemvalue` FROM `hms_system_info` WHERE `systemkey` = 'phone' ORDER BY id asc LIMIT 1   [ RunTime:0.0000s ]
SQL: SHOW COLUMNS FROM `hms_system_info` [ RunTime:0.0020s ]
SQL: SELECT `systemvalue` FROM `hms_system_info` WHERE `systemkey` = 'qq' ORDER BY id asc LIMIT 1   [ RunTime:0.0010s ]
SQL: SHOW COLUMNS FROM `hms_system_info` [ RunTime:0.0030s ]
SQL: SELECT `systemvalue` FROM `hms_system_info` WHERE `systemkey` = 'footer_content' ORDER BY id asc LIMIT 1   [ RunTime:0.0000s ]
SQL: SHOW COLUMNS FROM `hms_ad_info` [ RunTime:0.0020s ]
SQL: SELECT * FROM `hms_ad_info` WHERE ( l_id = 1 AND is_show = 1 AND flag = 1 AND begin_time <= 1459406369  ) ORDER BY sort ASC  [ RunTime:0.0000s ]
SQL: SHOW COLUMNS FROM `hms_case` [ RunTime:0.0020s ]
SQL: SHOW COLUMNS FROM `hms_case_cat` [ RunTime:0.0030s ]
SQL: SELECT * FROM `hms_case` ORDER BY id desc LIMIT 10   [ RunTime:0.0000s ]
SQL: SELECT `name` FROM `hms_case_cat` WHERE `id` = 2 ORDER BY id asc LIMIT 1   [ RunTime:0.0000s ]
SQL: SELECT `name` FROM `hms_case_cat` WHERE `id` = 2 ORDER BY id asc LIMIT 1   [ RunTime:0.0010s ]
SQL: SHOW COLUMNS FROM `hms_page` [ RunTime:0.0030s ]
SQL: SELECT * FROM `hms_page` WHERE `id` = 1 ORDER BY id asc LIMIT 1   [ RunTime:0.0000s ]
INFO: [ view_parse ] --START--
INFO: [ template_filter ] --START--
INFO: Run Behavior\ContentReplaceBehavior [ RunTime:0.001000s ]
INFO: [ template_filter ] --END-- [ RunTime:0.001000s ]
NOTIC: [8] Undefined index: cid D:\WWW\hms_web1\Application\Runtime\Cache\Web\c8b1e5771bc271e64e454ef6da535ec7.php 第 79 行.
NOTIC: [8] Undefined index: cid D:\WWW\hms_web1\Application\Runtime\Cache\Web\c8b1e5771bc271e64e454ef6da535ec7.php 第 79 行.
INFO: Run Behavior\ParseTemplateBehavior [ RunTime:0.092005s ]
INFO: [ view_parse ] --END-- [ RunTime:0.093005s ]
INFO: [ view_filter ] --START--
INFO: Run Behavior\WriteHtmlCacheBehavior [ RunTime:0.001001s ]
INFO: [ view_filter ] --END-- [ RunTime:0.001001s ]
INFO: [ app_end ] --START--
INFO: Run Behavior\ShowPageTraceBehavior [ RunTime:0.001000s ]
INFO: [ app_end ] --END-- [ RunTime:0.002000s ]

[ 2016-03-31T14:42:50+08:00 ] ::1 /hms_web1/Web/Case/detail/cid/2/id/2.html
INFO: [ app_init ] --START--
INFO: Run Behavior\BuildLiteBehavior [ RunTime:0.001000s ]
INFO: [ app_init ] --END-- [ RunTime:0.002000s ]
INFO: [ app_begin ] --START--
INFO: Run Behavior\ReadHtmlCacheBehavior [ RunTime:0.001000s ]
INFO: [ app_begin ] --END-- [ RunTime:0.002000s ]
SQL: SHOW COLUMNS FROM `hms_menu_web` [ RunTime:0.0020s ]
SQL: SELECT * FROM `hms_menu_web` WHERE `status` = 1 AND `tid` = 1 ORDER BY sort asc,createtime desc  [ RunTime:0.0000s ]
SQL: SHOW COLUMNS FROM `hms_menu_web` [ RunTime:0.0020s ]
SQL: SELECT * FROM `hms_menu_web` WHERE `status` = 1 AND `tid` = 2 ORDER BY sort asc,createtime desc  [ RunTime:0.0000s ]
SQL: SHOW COLUMNS FROM `hms_page` [ RunTime:0.0020s ]
SQL: SELECT * FROM `hms_page` WHERE `id` = 3 ORDER BY id asc LIMIT 1   [ RunTime:0.0010s ]
SQL: SHOW COLUMNS FROM `hms_case_cat` [ RunTime:0.0020s ]
SQL: SELECT * FROM `hms_case_cat` ORDER BY id asc  [ RunTime:0.0000s ]
SQL: SHOW COLUMNS FROM `hms_page` [ RunTime:0.0020s ]
SQL: SELECT * FROM `hms_page` WHERE `id` = 2 ORDER BY id asc LIMIT 1   [ RunTime:0.0000s ]
SQL: SHOW COLUMNS FROM `hms_system_info` [ RunTime:0.0030s ]
SQL: SELECT `systemvalue` FROM `hms_system_info` WHERE `systemkey` = 'domain' ORDER BY id asc LIMIT 1   [ RunTime:0.0000s ]
SQL: SHOW COLUMNS FROM `hms_system_info` [ RunTime:0.0020s ]
SQL: SELECT `systemvalue` FROM `hms_system_info` WHERE `systemkey` = 'phone' ORDER BY id asc LIMIT 1   [ RunTime:0.0000s ]
SQL: SHOW COLUMNS FROM `hms_system_info` [ RunTime:0.0020s ]
SQL: SELECT `systemvalue` FROM `hms_system_info` WHERE `systemkey` = 'qq' ORDER BY id asc LIMIT 1   [ RunTime:0.0000s ]
SQL: SHOW COLUMNS FROM `hms_system_info` [ RunTime:0.0020s ]
SQL: SELECT `systemvalue` FROM `hms_system_info` WHERE `systemkey` = 'footer_content' ORDER BY id asc LIMIT 1   [ RunTime:0.0000s ]
SQL: SHOW COLUMNS FROM `hms_ad_info` [ RunTime:0.0020s ]
SQL: SELECT * FROM `hms_ad_info` WHERE ( l_id = 4 AND is_show = 1 AND flag = 1 AND begin_time <= 1459406570  ) ORDER BY sort ASC  [ RunTime:0.0010s ]
SQL: SHOW COLUMNS FROM `hms_case_cat` [ RunTime:0.0020s ]
SQL: SHOW COLUMNS FROM `hms_case` [ RunTime:0.0020s ]
SQL: SELECT * FROM `hms_case_cat` ORDER BY id asc  [ RunTime:0.0000s ]
SQL: SELECT `name` FROM `hms_case_cat` WHERE `id` = 2 ORDER BY id asc LIMIT 1   [ RunTime:0.0000s ]
SQL: SELECT * FROM `hms_case` WHERE `id` = 2 ORDER BY id asc LIMIT 1   [ RunTime:0.0000s ]
INFO: [ view_parse ] --START--
INFO: [ template_filter ] --START--
INFO: Run Behavior\ContentReplaceBehavior [ RunTime:0.000000s ]
INFO: [ template_filter ] --END-- [ RunTime:0.001000s ]
INFO: Run Behavior\ParseTemplateBehavior [ RunTime:0.056004s ]
INFO: [ view_parse ] --END-- [ RunTime:0.057004s ]
INFO: [ view_filter ] --START--
INFO: Run Behavior\WriteHtmlCacheBehavior [ RunTime:0.001000s ]
INFO: [ view_filter ] --END-- [ RunTime:0.001000s ]
INFO: [ app_end ] --START--
INFO: Run Behavior\ShowPageTraceBehavior [ RunTime:0.001000s ]
INFO: [ app_end ] --END-- [ RunTime:0.002000s ]

[ 2016-03-31T14:44:03+08:00 ] ::1 /hms_web1/
INFO: [ app_init ] --START--
INFO: Run Behavior\BuildLiteBehavior [ RunTime:0.000000s ]
INFO: [ app_init ] --END-- [ RunTime:0.001000s ]
INFO: [ app_begin ] --START--
INFO: Run Behavior\ReadHtmlCacheBehavior [ RunTime:0.001000s ]
INFO: [ app_begin ] --END-- [ RunTime:0.003000s ]
SQL: SHOW COLUMNS FROM `hms_menu_web` [ RunTime:0.0020s ]
SQL: SELECT * FROM `hms_menu_web` WHERE `status` = 1 AND `tid` = 1 ORDER BY sort asc,createtime desc  [ RunTime:0.0000s ]
SQL: SHOW COLUMNS FROM `hms_menu_web` [ RunTime:0.0030s ]
SQL: SELECT * FROM `hms_menu_web` WHERE `status` = 1 AND `tid` = 2 ORDER BY sort asc,createtime desc  [ RunTime:0.0000s ]
SQL: SHOW COLUMNS FROM `hms_page` [ RunTime:0.0030s ]
SQL: SELECT * FROM `hms_page` WHERE `id` = 3 ORDER BY id asc LIMIT 1   [ RunTime:0.0000s ]
SQL: SHOW COLUMNS FROM `hms_case_cat` [ RunTime:0.0020s ]
SQL: SELECT * FROM `hms_case_cat` ORDER BY id asc  [ RunTime:0.0010s ]
SQL: SHOW COLUMNS FROM `hms_page` [ RunTime:0.0020s ]
SQL: SELECT * FROM `hms_page` WHERE `id` = 2 ORDER BY id asc LIMIT 1   [ RunTime:0.0010s ]
SQL: SHOW COLUMNS FROM `hms_system_info` [ RunTime:0.0020s ]
SQL: SELECT `systemvalue` FROM `hms_system_info` WHERE `systemkey` = 'domain' ORDER BY id asc LIMIT 1   [ RunTime:0.0000s ]
SQL: SHOW COLUMNS FROM `hms_system_info` [ RunTime:0.0020s ]
SQL: SELECT `systemvalue` FROM `hms_system_info` WHERE `systemkey` = 'phone' ORDER BY id asc LIMIT 1   [ RunTime:0.0010s ]
SQL: SHOW COLUMNS FROM `hms_system_info` [ RunTime:0.0020s ]
SQL: SELECT `systemvalue` FROM `hms_system_info` WHERE `systemkey` = 'qq' ORDER BY id asc LIMIT 1   [ RunTime:0.0000s ]
SQL: SHOW COLUMNS FROM `hms_system_info` [ RunTime:0.0020s ]
SQL: SELECT `systemvalue` FROM `hms_system_info` WHERE `systemkey` = 'footer_content' ORDER BY id asc LIMIT 1   [ RunTime:0.0000s ]
SQL: SHOW COLUMNS FROM `hms_ad_info` [ RunTime:0.0020s ]
SQL: SELECT * FROM `hms_ad_info` WHERE ( l_id = 1 AND is_show = 1 AND flag = 1 AND begin_time <= 1459406642  ) ORDER BY sort ASC  [ RunTime:0.0010s ]
SQL: SHOW COLUMNS FROM `hms_case` [ RunTime:0.0020s ]
SQL: SHOW COLUMNS FROM `hms_case_cat` [ RunTime:0.0020s ]
SQL: SELECT * FROM `hms_case` ORDER BY id desc LIMIT 10   [ RunTime:0.0010s ]
SQL: SELECT `name` FROM `hms_case_cat` WHERE `id` = 2 ORDER BY id asc LIMIT 1   [ RunTime:0.0010s ]
SQL: SELECT `name` FROM `hms_case_cat` WHERE `id` = 2 ORDER BY id asc LIMIT 1   [ RunTime:0.0010s ]
SQL: SHOW COLUMNS FROM `hms_page` [ RunTime:0.0020s ]
SQL: SELECT * FROM `hms_page` WHERE `id` = 1 ORDER BY id asc LIMIT 1   [ RunTime:0.0000s ]
INFO: [ view_parse ] --START--
INFO: [ template_filter ] --START--
INFO: Run Behavior\ContentReplaceBehavior [ RunTime:0.000000s ]
INFO: [ template_filter ] --END-- [ RunTime:0.001000s ]
NOTIC: [8] Undefined index: cid D:\WWW\hms_web1\Application\Runtime\Cache\Web\c8b1e5771bc271e64e454ef6da535ec7.php 第 79 行.
NOTIC: [8] Undefined index: cid D:\WWW\hms_web1\Application\Runtime\Cache\Web\c8b1e5771bc271e64e454ef6da535ec7.php 第 79 行.
INFO: Run Behavior\ParseTemplateBehavior [ RunTime:0.089005s ]
INFO: [ view_parse ] --END-- [ RunTime:0.090005s ]
INFO: [ view_filter ] --START--
INFO: Run Behavior\WriteHtmlCacheBehavior [ RunTime:0.001000s ]
INFO: [ view_filter ] --END-- [ RunTime:0.001000s ]
INFO: [ app_end ] --START--
INFO: Run Behavior\ShowPageTraceBehavior [ RunTime:0.001000s ]
INFO: [ app_end ] --END-- [ RunTime:0.002001s ]

