[ 2016-03-08T09:51:38+08:00 ] 127.0.0.1 /
INFO: [ app_init ] --START--
INFO: Run Behavior\BuildLiteBehavior [ RunTime:0.000000s ]
INFO: [ app_init ] --END-- [ RunTime:0.000000s ]
INFO: [ app_begin ] --START--
INFO: Run Behavior\ReadHtmlCacheBehavior [ RunTime:0.000000s ]
INFO: [ app_begin ] --END-- [ RunTime:0.000000s ]
INFO: [ view_parse ] --START--
NOTIC: [2] file_get_contents(./Application/Web/View/Public/footer.html): failed to open stream: No such file or directory D:\xampp\htdocs\hms_web1\ThinkPHP\Library\Think\Template.class.php 第 696 行.
INFO: [ template_filter ] --START--
INFO: Run Behavior\ContentReplaceBehavior [ RunTime:0.000000s ]
INFO: [ template_filter ] --END-- [ RunTime:0.000000s ]
INFO: Run Behavior\ParseTemplateBehavior [ RunTime:0.011001s ]
INFO: [ view_parse ] --END-- [ RunTime:0.011001s ]
INFO: [ view_filter ] --START--
INFO: Run Behavior\WriteHtmlCacheBehavior [ RunTime:0.000000s ]
INFO: [ view_filter ] --END-- [ RunTime:0.000000s ]
INFO: [ app_end ] --START--
INFO: Run Behavior\ShowPageTraceBehavior [ RunTime:0.001000s ]
INFO: [ app_end ] --END-- [ RunTime:0.001000s ]

[ 2016-03-08T22:04:17+08:00 ] 127.0.0.1 /
INFO: [ app_init ] --START--
INFO: Run Behavior\BuildLiteBehavior [ RunTime:0.000000s ]
INFO: [ app_init ] --END-- [ RunTime:0.000000s ]
INFO: [ app_begin ] --START--
INFO: Run Behavior\ReadHtmlCacheBehavior [ RunTime:0.000000s ]
INFO: [ app_begin ] --END-- [ RunTime:0.000000s ]
INFO: [ view_parse ] --START--
NOTIC: [2] file_get_contents(./Application/Web/View/Public/footer.html): failed to open stream: No such file or directory D:\xampp\htdocs\hms_web1\ThinkPHP\Library\Think\Template.class.php 第 696 行.
INFO: [ template_filter ] --START--
INFO: Run Behavior\ContentReplaceBehavior [ RunTime:0.001000s ]
INFO: [ template_filter ] --END-- [ RunTime:0.001000s ]
INFO: Run Behavior\ParseTemplateBehavior [ RunTime:0.010000s ]
INFO: [ view_parse ] --END-- [ RunTime:0.010000s ]
INFO: [ view_filter ] --START--
INFO: Run Behavior\WriteHtmlCacheBehavior [ RunTime:0.000000s ]
INFO: [ view_filter ] --END-- [ RunTime:0.000000s ]
INFO: [ app_end ] --START--
INFO: Run Behavior\ShowPageTraceBehavior [ RunTime:0.000000s ]
INFO: [ app_end ] --END-- [ RunTime:0.000000s ]

[ 2016-03-08T22:19:37+08:00 ] 127.0.0.1 /
INFO: [ app_init ] --START--
INFO: Run Behavior\BuildLiteBehavior [ RunTime:0.000000s ]
INFO: [ app_init ] --END-- [ RunTime:0.001000s ]
INFO: [ app_begin ] --START--
INFO: Run Behavior\ReadHtmlCacheBehavior [ RunTime:0.000000s ]
INFO: [ app_begin ] --END-- [ RunTime:0.000000s ]
INFO: [ view_parse ] --START--
NOTIC: [2] file_get_contents(./Application/Web/View/Public/footer.html): failed to open stream: No such file or directory D:\xampp\htdocs\hms_web1\ThinkPHP\Library\Think\Template.class.php 第 696 行.
INFO: [ template_filter ] --START--
INFO: Run Behavior\ContentReplaceBehavior [ RunTime:0.001000s ]
INFO: [ template_filter ] --END-- [ RunTime:0.001000s ]
NOTIC: [8] Undefined variable: menu D:\xampp\htdocs\hms_web1\Application\Runtime\Cache\Web\c8b1e5771bc271e64e454ef6da535ec7.php 第 27 行.
INFO: Run Behavior\ParseTemplateBehavior [ RunTime:0.015001s ]
INFO: [ view_parse ] --END-- [ RunTime:0.015001s ]
INFO: [ view_filter ] --START--
INFO: Run Behavior\WriteHtmlCacheBehavior [ RunTime:0.001000s ]
INFO: [ view_filter ] --END-- [ RunTime:0.001000s ]
INFO: [ app_end ] --START--
INFO: Run Behavior\ShowPageTraceBehavior [ RunTime:0.000000s ]
INFO: [ app_end ] --END-- [ RunTime:0.000000s ]

[ 2016-03-08T22:20:13+08:00 ] 127.0.0.1 /
INFO: [ app_init ] --START--
INFO: Run Behavior\BuildLiteBehavior [ RunTime:0.000000s ]
INFO: [ app_init ] --END-- [ RunTime:0.000000s ]
INFO: [ app_begin ] --START--
INFO: Run Behavior\ReadHtmlCacheBehavior [ RunTime:0.002000s ]
INFO: [ app_begin ] --END-- [ RunTime:0.002000s ]
INFO: [ view_parse ] --START--
NOTIC: [2] file_get_contents(./Application/Web/View/Public/footer.html): failed to open stream: No such file or directory D:\xampp\htdocs\hms_web1\ThinkPHP\Library\Think\Template.class.php 第 696 行.
INFO: [ template_filter ] --START--
INFO: Run Behavior\ContentReplaceBehavior [ RunTime:0.000000s ]
INFO: [ template_filter ] --END-- [ RunTime:0.000000s ]
NOTIC: [8] Undefined variable: menu D:\xampp\htdocs\hms_web1\Application\Runtime\Cache\Web\c8b1e5771bc271e64e454ef6da535ec7.php 第 27 行.
INFO: Run Behavior\ParseTemplateBehavior [ RunTime:0.022001s ]
INFO: [ view_parse ] --END-- [ RunTime:0.022001s ]
INFO: [ view_filter ] --START--
INFO: Run Behavior\WriteHtmlCacheBehavior [ RunTime:0.001000s ]
INFO: [ view_filter ] --END-- [ RunTime:0.001000s ]
INFO: [ app_end ] --START--
INFO: Run Behavior\ShowPageTraceBehavior [ RunTime:0.000000s ]
INFO: [ app_end ] --END-- [ RunTime:0.000000s ]

[ 2016-03-08T22:20:47+08:00 ] 127.0.0.1 /
INFO: [ app_init ] --START--
INFO: Run Behavior\BuildLiteBehavior [ RunTime:0.000000s ]
INFO: [ app_init ] --END-- [ RunTime:0.000000s ]
INFO: [ app_begin ] --START--
INFO: Run Behavior\ReadHtmlCacheBehavior [ RunTime:0.001000s ]
INFO: [ app_begin ] --END-- [ RunTime:0.001000s ]
INFO: [ view_parse ] --START--
NOTIC: [2] file_get_contents(./Application/Web/View/Public/footer.html): failed to open stream: No such file or directory D:\xampp\htdocs\hms_web1\ThinkPHP\Library\Think\Template.class.php 第 696 行.
INFO: [ template_filter ] --START--
INFO: Run Behavior\ContentReplaceBehavior [ RunTime:0.000000s ]
INFO: [ template_filter ] --END-- [ RunTime:0.000000s ]
NOTIC: [8] Undefined variable: menu D:\xampp\htdocs\hms_web1\Application\Runtime\Cache\Web\c8b1e5771bc271e64e454ef6da535ec7.php 第 27 行.
INFO: Run Behavior\ParseTemplateBehavior [ RunTime:0.013001s ]
INFO: [ view_parse ] --END-- [ RunTime:0.013001s ]
INFO: [ view_filter ] --START--
INFO: Run Behavior\WriteHtmlCacheBehavior [ RunTime:0.000000s ]
INFO: [ view_filter ] --END-- [ RunTime:0.000000s ]
INFO: [ app_end ] --START--
INFO: Run Behavior\ShowPageTraceBehavior [ RunTime:0.000000s ]
INFO: [ app_end ] --END-- [ RunTime:0.000000s ]

[ 2016-03-08T22:20:57+08:00 ] 127.0.0.1 /
INFO: [ app_init ] --START--
INFO: Run Behavior\BuildLiteBehavior [ RunTime:0.000000s ]
INFO: [ app_init ] --END-- [ RunTime:0.000000s ]
INFO: [ app_begin ] --START--
INFO: Run Behavior\ReadHtmlCacheBehavior [ RunTime:0.001000s ]
INFO: [ app_begin ] --END-- [ RunTime:0.001000s ]
INFO: [ view_parse ] --START--
NOTIC: [2] file_get_contents(./Application/Web/View/Public/footer.html): failed to open stream: No such file or directory D:\xampp\htdocs\hms_web1\ThinkPHP\Library\Think\Template.class.php 第 696 行.
INFO: [ template_filter ] --START--
INFO: Run Behavior\ContentReplaceBehavior [ RunTime:0.000000s ]
INFO: [ template_filter ] --END-- [ RunTime:0.000000s ]
NOTIC: [8] Undefined variable: menu D:\xampp\htdocs\hms_web1\Application\Runtime\Cache\Web\c8b1e5771bc271e64e454ef6da535ec7.php 第 27 行.
INFO: Run Behavior\ParseTemplateBehavior [ RunTime:0.013001s ]
INFO: [ view_parse ] --END-- [ RunTime:0.013001s ]
INFO: [ view_filter ] --START--
INFO: Run Behavior\WriteHtmlCacheBehavior [ RunTime:0.000000s ]
INFO: [ view_filter ] --END-- [ RunTime:0.000000s ]
INFO: [ app_end ] --START--
INFO: Run Behavior\ShowPageTraceBehavior [ RunTime:0.001000s ]
INFO: [ app_end ] --END-- [ RunTime:0.001000s ]

[ 2016-03-08T22:21:08+08:00 ] 127.0.0.1 /
INFO: [ app_init ] --START--
INFO: Run Behavior\BuildLiteBehavior [ RunTime:0.000000s ]
INFO: [ app_init ] --END-- [ RunTime:0.001000s ]
INFO: [ app_begin ] --START--
INFO: Run Behavior\ReadHtmlCacheBehavior [ RunTime:0.001000s ]
INFO: [ app_begin ] --END-- [ RunTime:0.001000s ]
SQL: SHOW COLUMNS FROM `hms_menu_web` [ RunTime:0.0030s ]
SQL: SELECT * FROM `hms_menu_web` WHERE `status` = 1 ORDER BY sort asc,createtime desc  [ RunTime:0.0010s ]
INFO: [ view_parse ] --START--
NOTIC: [2] file_get_contents(./Application/Web/View/Public/footer.html): failed to open stream: No such file or directory D:\xampp\htdocs\hms_web1\ThinkPHP\Library\Think\Template.class.php 第 696 行.
INFO: [ template_filter ] --START--
INFO: Run Behavior\ContentReplaceBehavior [ RunTime:0.000000s ]
INFO: [ template_filter ] --END-- [ RunTime:0.000000s ]
NOTIC: [8] Undefined variable: menu D:\xampp\htdocs\hms_web1\Application\Runtime\Cache\Web\c8b1e5771bc271e64e454ef6da535ec7.php 第 27 行.
INFO: Run Behavior\ParseTemplateBehavior [ RunTime:0.023001s ]
INFO: [ view_parse ] --END-- [ RunTime:0.023001s ]
INFO: [ view_filter ] --START--
INFO: Run Behavior\WriteHtmlCacheBehavior [ RunTime:0.000000s ]
INFO: [ view_filter ] --END-- [ RunTime:0.000000s ]
INFO: [ app_end ] --START--
INFO: Run Behavior\ShowPageTraceBehavior [ RunTime:0.000000s ]
INFO: [ app_end ] --END-- [ RunTime:0.002000s ]

[ 2016-03-08T22:21:23+08:00 ] 127.0.0.1 /
INFO: [ app_init ] --START--
INFO: Run Behavior\BuildLiteBehavior [ RunTime:0.000000s ]
INFO: [ app_init ] --END-- [ RunTime:0.000000s ]
INFO: [ app_begin ] --START--
INFO: Run Behavior\ReadHtmlCacheBehavior [ RunTime:0.000000s ]
INFO: [ app_begin ] --END-- [ RunTime:0.000000s ]
SQL: SHOW COLUMNS FROM `hms_menu_web` [ RunTime:0.0030s ]
SQL: SELECT * FROM `hms_menu_web` WHERE `status` = 1 ORDER BY sort asc,createtime desc  [ RunTime:0.0010s ]
INFO: [ view_parse ] --START--
NOTIC: [2] file_get_contents(./Application/Web/View/Public/footer.html): failed to open stream: No such file or directory D:\xampp\htdocs\hms_web1\ThinkPHP\Library\Think\Template.class.php 第 696 行.
INFO: [ template_filter ] --START--
INFO: Run Behavior\ContentReplaceBehavior [ RunTime:0.000000s ]
INFO: [ template_filter ] --END-- [ RunTime:0.000000s ]
NOTIC: [8] Undefined variable: menu D:\xampp\htdocs\hms_web1\Application\Runtime\Cache\Web\c8b1e5771bc271e64e454ef6da535ec7.php 第 27 行.
INFO: Run Behavior\ParseTemplateBehavior [ RunTime:0.024001s ]
INFO: [ view_parse ] --END-- [ RunTime:0.024001s ]
INFO: [ view_filter ] --START--
INFO: Run Behavior\WriteHtmlCacheBehavior [ RunTime:0.001000s ]
INFO: [ view_filter ] --END-- [ RunTime:0.001000s ]
INFO: [ app_end ] --START--
INFO: Run Behavior\ShowPageTraceBehavior [ RunTime:0.001000s ]
INFO: [ app_end ] --END-- [ RunTime:0.001000s ]

[ 2016-03-08T22:21:24+08:00 ] 127.0.0.1 /
INFO: [ app_init ] --START--
INFO: Run Behavior\BuildLiteBehavior [ RunTime:0.000000s ]
INFO: [ app_init ] --END-- [ RunTime:0.000000s ]
INFO: [ app_begin ] --START--
INFO: Run Behavior\ReadHtmlCacheBehavior [ RunTime:0.001000s ]
INFO: [ app_begin ] --END-- [ RunTime:0.001000s ]
SQL: SHOW COLUMNS FROM `hms_menu_web` [ RunTime:0.0020s ]
SQL: SELECT * FROM `hms_menu_web` WHERE `status` = 1 ORDER BY sort asc,createtime desc  [ RunTime:0.0000s ]
INFO: [ view_parse ] --START--
NOTIC: [2] file_get_contents(./Application/Web/View/Public/footer.html): failed to open stream: No such file or directory D:\xampp\htdocs\hms_web1\ThinkPHP\Library\Think\Template.class.php 第 696 行.
INFO: [ template_filter ] --START--
INFO: Run Behavior\ContentReplaceBehavior [ RunTime:0.000000s ]
INFO: [ template_filter ] --END-- [ RunTime:0.000000s ]
NOTIC: [8] Undefined variable: menu D:\xampp\htdocs\hms_web1\Application\Runtime\Cache\Web\c8b1e5771bc271e64e454ef6da535ec7.php 第 27 行.
INFO: Run Behavior\ParseTemplateBehavior [ RunTime:0.024002s ]
INFO: [ view_parse ] --END-- [ RunTime:0.024002s ]
INFO: [ view_filter ] --START--
INFO: Run Behavior\WriteHtmlCacheBehavior [ RunTime:0.000000s ]
INFO: [ view_filter ] --END-- [ RunTime:0.000000s ]
INFO: [ app_end ] --START--
INFO: Run Behavior\ShowPageTraceBehavior [ RunTime:0.001000s ]
INFO: [ app_end ] --END-- [ RunTime:0.001000s ]

[ 2016-03-08T22:21:28+08:00 ] 127.0.0.1 /
INFO: [ app_init ] --START--
INFO: Run Behavior\BuildLiteBehavior [ RunTime:0.000000s ]
INFO: [ app_init ] --END-- [ RunTime:0.000000s ]
INFO: [ app_begin ] --START--
INFO: Run Behavior\ReadHtmlCacheBehavior [ RunTime:0.001000s ]
INFO: [ app_begin ] --END-- [ RunTime:0.001000s ]
SQL: SHOW COLUMNS FROM `hms_menu_web` [ RunTime:0.0030s ]
SQL: SELECT * FROM `hms_menu_web` WHERE `status` = 1 ORDER BY sort asc,createtime desc  [ RunTime:0.0000s ]
INFO: [ view_parse ] --START--
NOTIC: [2] file_get_contents(./Application/Web/View/Public/footer.html): failed to open stream: No such file or directory D:\xampp\htdocs\hms_web1\ThinkPHP\Library\Think\Template.class.php 第 696 行.
INFO: [ template_filter ] --START--
INFO: Run Behavior\ContentReplaceBehavior [ RunTime:0.001000s ]
INFO: [ template_filter ] --END-- [ RunTime:0.001000s ]
NOTIC: [8] Undefined variable: menu D:\xampp\htdocs\hms_web1\Application\Runtime\Cache\Web\c8b1e5771bc271e64e454ef6da535ec7.php 第 27 行.
INFO: Run Behavior\ParseTemplateBehavior [ RunTime:0.021001s ]
INFO: [ view_parse ] --END-- [ RunTime:0.021001s ]
INFO: [ view_filter ] --START--
INFO: Run Behavior\WriteHtmlCacheBehavior [ RunTime:0.001000s ]
INFO: [ view_filter ] --END-- [ RunTime:0.001000s ]
INFO: [ app_end ] --START--
INFO: Run Behavior\ShowPageTraceBehavior [ RunTime:0.000000s ]
INFO: [ app_end ] --END-- [ RunTime:0.000000s ]

[ 2016-03-08T22:22:09+08:00 ] 127.0.0.1 /
INFO: [ app_init ] --START--
INFO: Run Behavior\BuildLiteBehavior [ RunTime:0.000000s ]
INFO: [ app_init ] --END-- [ RunTime:0.000000s ]
INFO: [ app_begin ] --START--
INFO: Run Behavior\ReadHtmlCacheBehavior [ RunTime:0.000000s ]
INFO: [ app_begin ] --END-- [ RunTime:0.000000s ]
SQL: SHOW COLUMNS FROM `hms_menu_web` [ RunTime:0.0010s ]
SQL: SELECT * FROM `hms_menu_web` WHERE `status` = 1 ORDER BY sort asc,createtime desc  [ RunTime:0.0000s ]
INFO: [ view_parse ] --START--
NOTIC: [2] file_get_contents(./Application/Web/View/Public/footer.html): failed to open stream: No such file or directory D:\xampp\htdocs\hms_web1\ThinkPHP\Library\Think\Template.class.php 第 696 行.
INFO: [ template_filter ] --START--
INFO: Run Behavior\ContentReplaceBehavior [ RunTime:0.000000s ]
INFO: [ template_filter ] --END-- [ RunTime:0.000000s ]
NOTIC: [8] Undefined variable: menu D:\xampp\htdocs\hms_web1\Application\Runtime\Cache\Web\c8b1e5771bc271e64e454ef6da535ec7.php 第 27 行.
INFO: Run Behavior\ParseTemplateBehavior [ RunTime:0.011001s ]
INFO: [ view_parse ] --END-- [ RunTime:0.011001s ]
INFO: [ view_filter ] --START--
INFO: Run Behavior\WriteHtmlCacheBehavior [ RunTime:0.001000s ]
INFO: [ view_filter ] --END-- [ RunTime:0.001000s ]
INFO: [ app_end ] --START--
INFO: Run Behavior\ShowPageTraceBehavior [ RunTime:0.000000s ]
INFO: [ app_end ] --END-- [ RunTime:0.000000s ]

[ 2016-03-08T22:22:41+08:00 ] 127.0.0.1 /
INFO: [ app_init ] --START--
INFO: Run Behavior\BuildLiteBehavior [ RunTime:0.000000s ]
INFO: [ app_init ] --END-- [ RunTime:0.001000s ]
INFO: [ app_begin ] --START--
INFO: Run Behavior\ReadHtmlCacheBehavior [ RunTime:0.001000s ]
INFO: [ app_begin ] --END-- [ RunTime:0.001000s ]
SQL: SHOW COLUMNS FROM `hms_menu_web` [ RunTime:0.0020s ]
SQL: SELECT * FROM `hms_menu_web` WHERE `status` = 1 ORDER BY sort asc,createtime desc  [ RunTime:0.0000s ]
INFO: [ view_parse ] --START--
NOTIC: [2] file_get_contents(./Application/Web/View/Public/footer.html): failed to open stream: No such file or directory D:\xampp\htdocs\hms_web1\ThinkPHP\Library\Think\Template.class.php 第 696 行.
INFO: [ template_filter ] --START--
INFO: Run Behavior\ContentReplaceBehavior [ RunTime:0.001000s ]
INFO: [ template_filter ] --END-- [ RunTime:0.001000s ]
INFO: Run Behavior\ParseTemplateBehavior [ RunTime:0.024001s ]
INFO: [ view_parse ] --END-- [ RunTime:0.024001s ]
INFO: [ view_filter ] --START--
INFO: Run Behavior\WriteHtmlCacheBehavior [ RunTime:0.000000s ]
INFO: [ view_filter ] --END-- [ RunTime:0.000000s ]
INFO: [ app_end ] --START--
INFO: Run Behavior\ShowPageTraceBehavior [ RunTime:0.001000s ]
INFO: [ app_end ] --END-- [ RunTime:0.001000s ]

[ 2016-03-08T22:22:50+08:00 ] 127.0.0.1 /
INFO: [ app_init ] --START--
INFO: Run Behavior\BuildLiteBehavior [ RunTime:0.000000s ]
INFO: [ app_init ] --END-- [ RunTime:0.001000s ]
INFO: [ app_begin ] --START--
INFO: Run Behavior\ReadHtmlCacheBehavior [ RunTime:0.001000s ]
INFO: [ app_begin ] --END-- [ RunTime:0.001000s ]
SQL: SHOW COLUMNS FROM `hms_menu_web` [ RunTime:0.0030s ]
SQL: SELECT * FROM `hms_menu_web` WHERE `status` = 1 ORDER BY sort asc,createtime desc  [ RunTime:0.0000s ]
INFO: [ view_parse ] --START--
NOTIC: [2] file_get_contents(./Application/Web/View/Public/footer.html): failed to open stream: No such file or directory D:\xampp\htdocs\hms_web1\ThinkPHP\Library\Think\Template.class.php 第 696 行.
INFO: [ template_filter ] --START--
INFO: Run Behavior\ContentReplaceBehavior [ RunTime:0.000000s ]
INFO: [ template_filter ] --END-- [ RunTime:0.001000s ]
INFO: Run Behavior\ParseTemplateBehavior [ RunTime:0.023001s ]
INFO: [ view_parse ] --END-- [ RunTime:0.023001s ]
INFO: [ view_filter ] --START--
INFO: Run Behavior\WriteHtmlCacheBehavior [ RunTime:0.001000s ]
INFO: [ view_filter ] --END-- [ RunTime:0.001000s ]
INFO: [ app_end ] --START--
INFO: Run Behavior\ShowPageTraceBehavior [ RunTime:0.001000s ]
INFO: [ app_end ] --END-- [ RunTime:0.001000s ]

[ 2016-03-08T22:24:05+08:00 ] 127.0.0.1 /
INFO: [ app_init ] --START--
INFO: Run Behavior\BuildLiteBehavior [ RunTime:0.000000s ]
INFO: [ app_init ] --END-- [ RunTime:0.001000s ]
INFO: [ app_begin ] --START--
INFO: Run Behavior\ReadHtmlCacheBehavior [ RunTime:0.001000s ]
INFO: [ app_begin ] --END-- [ RunTime:0.001000s ]
SQL: SHOW COLUMNS FROM `hms_menu_web` [ RunTime:0.0030s ]
SQL: SELECT * FROM `hms_menu_web` WHERE `status` = 1 ORDER BY sort asc,createtime desc  [ RunTime:0.0000s ]
INFO: [ view_parse ] --START--
NOTIC: [2] file_get_contents(./Application/Web/View/Public/footer.html): failed to open stream: No such file or directory D:\xampp\htdocs\hms_web1\ThinkPHP\Library\Think\Template.class.php 第 696 行.
INFO: [ template_filter ] --START--
INFO: Run Behavior\ContentReplaceBehavior [ RunTime:0.001000s ]
INFO: [ template_filter ] --END-- [ RunTime:0.001000s ]
INFO: Run Behavior\ParseTemplateBehavior [ RunTime:0.024002s ]
INFO: [ view_parse ] --END-- [ RunTime:0.024002s ]
INFO: [ view_filter ] --START--
INFO: Run Behavior\WriteHtmlCacheBehavior [ RunTime:0.000000s ]
INFO: [ view_filter ] --END-- [ RunTime:0.000000s ]
INFO: [ app_end ] --START--
INFO: Run Behavior\ShowPageTraceBehavior [ RunTime:0.001000s ]
INFO: [ app_end ] --END-- [ RunTime:0.001000s ]

[ 2016-03-08T22:25:00+08:00 ] 127.0.0.1 /
INFO: [ app_init ] --START--
INFO: Run Behavior\BuildLiteBehavior [ RunTime:0.000000s ]
INFO: [ app_init ] --END-- [ RunTime:0.001000s ]
INFO: [ app_begin ] --START--
INFO: Run Behavior\ReadHtmlCacheBehavior [ RunTime:0.000000s ]
INFO: [ app_begin ] --END-- [ RunTime:0.002000s ]
SQL: SHOW COLUMNS FROM `hms_menu_web` [ RunTime:0.0020s ]
SQL: SELECT * FROM `hms_menu_web` WHERE `status` = 1 ORDER BY sort asc,createtime desc  [ RunTime:0.0000s ]
INFO: [ view_parse ] --START--
NOTIC: [2] file_get_contents(./Application/Web/View/Public/footer.html): failed to open stream: No such file or directory D:\xampp\htdocs\hms_web1\ThinkPHP\Library\Think\Template.class.php 第 696 行.
INFO: [ template_filter ] --START--
INFO: Run Behavior\ContentReplaceBehavior [ RunTime:0.001000s ]
INFO: [ template_filter ] --END-- [ RunTime:0.001000s ]
INFO: Run Behavior\ParseTemplateBehavior [ RunTime:0.020001s ]
INFO: [ view_parse ] --END-- [ RunTime:0.020001s ]
INFO: [ view_filter ] --START--
INFO: Run Behavior\WriteHtmlCacheBehavior [ RunTime:0.000000s ]
INFO: [ view_filter ] --END-- [ RunTime:0.000000s ]
INFO: [ app_end ] --START--
INFO: Run Behavior\ShowPageTraceBehavior [ RunTime:0.001000s ]
INFO: [ app_end ] --END-- [ RunTime:0.001000s ]

[ 2016-03-08T22:32:19+08:00 ] 127.0.0.1 /
INFO: [ app_init ] --START--
INFO: Run Behavior\BuildLiteBehavior [ RunTime:0.000000s ]
INFO: [ app_init ] --END-- [ RunTime:0.000000s ]
INFO: [ app_begin ] --START--
INFO: Run Behavior\ReadHtmlCacheBehavior [ RunTime:0.001000s ]
INFO: [ app_begin ] --END-- [ RunTime:0.001000s ]
SQL: SHOW COLUMNS FROM `hms_menu_web` [ RunTime:0.0030s ]
SQL: SELECT * FROM `hms_menu_web` WHERE `status` = 1 ORDER BY sort asc,createtime desc  [ RunTime:0.0010s ]
SQL: SHOW COLUMNS FROM `hms_ad_info` [ RunTime:0.0030s ]
SQL: SELECT * FROM `hms_ad_info` WHERE ( l_id = 1 AND is_show = 1 AND flag = 1 AND begin_time <= 1457447539  ) ORDER BY sort ASC  [ RunTime:0.0000s ]
INFO: [ view_parse ] --START--
NOTIC: [2] file_get_contents(./Application/Web/View/Public/footer.html): failed to open stream: No such file or directory D:\xampp\htdocs\hms_web1\ThinkPHP\Library\Think\Template.class.php 第 696 行.
INFO: [ template_filter ] --START--
INFO: Run Behavior\ContentReplaceBehavior [ RunTime:0.000000s ]
INFO: [ template_filter ] --END-- [ RunTime:0.000000s ]
INFO: Run Behavior\ParseTemplateBehavior [ RunTime:0.024001s ]
INFO: [ view_parse ] --END-- [ RunTime:0.024001s ]
INFO: [ view_filter ] --START--
INFO: Run Behavior\WriteHtmlCacheBehavior [ RunTime:0.001000s ]
INFO: [ view_filter ] --END-- [ RunTime:0.001000s ]
INFO: [ app_end ] --START--
INFO: Run Behavior\ShowPageTraceBehavior [ RunTime:0.002000s ]
INFO: [ app_end ] --END-- [ RunTime:0.002000s ]

[ 2016-03-08T22:33:47+08:00 ] 127.0.0.1 /
INFO: [ app_init ] --START--
INFO: Run Behavior\BuildLiteBehavior [ RunTime:0.000000s ]
INFO: [ app_init ] --END-- [ RunTime:0.000000s ]
INFO: [ app_begin ] --START--
INFO: Run Behavior\ReadHtmlCacheBehavior [ RunTime:0.000000s ]
INFO: [ app_begin ] --END-- [ RunTime:0.000000s ]
SQL: SHOW COLUMNS FROM `hms_menu_web` [ RunTime:0.0020s ]
SQL: SELECT * FROM `hms_menu_web` WHERE `status` = 1 ORDER BY sort asc,createtime desc  [ RunTime:0.0000s ]
SQL: SHOW COLUMNS FROM `hms_ad_info` [ RunTime:0.0030s ]
SQL: SELECT * FROM `hms_ad_info` WHERE ( l_id = 1 AND is_show = 1 AND flag = 1 AND begin_time <= 1457447627  ) ORDER BY sort ASC  [ RunTime:0.0000s ]
INFO: [ view_parse ] --START--
NOTIC: [2] file_get_contents(./Application/Web/View/Public/footer.html): failed to open stream: No such file or directory D:\xampp\htdocs\hms_web1\ThinkPHP\Library\Think\Template.class.php 第 696 行.
INFO: [ template_filter ] --START--
INFO: Run Behavior\ContentReplaceBehavior [ RunTime:0.000000s ]
INFO: [ template_filter ] --END-- [ RunTime:0.000000s ]
INFO: Run Behavior\ParseTemplateBehavior [ RunTime:0.021001s ]
INFO: [ view_parse ] --END-- [ RunTime:0.021001s ]
INFO: [ view_filter ] --START--
INFO: Run Behavior\WriteHtmlCacheBehavior [ RunTime:0.001000s ]
INFO: [ view_filter ] --END-- [ RunTime:0.001000s ]
INFO: [ app_end ] --START--
INFO: Run Behavior\ShowPageTraceBehavior [ RunTime:0.001000s ]
INFO: [ app_end ] --END-- [ RunTime:0.001000s ]

[ 2016-03-08T22:35:27+08:00 ] 127.0.0.1 /
INFO: [ app_init ] --START--
INFO: Run Behavior\BuildLiteBehavior [ RunTime:0.000000s ]
INFO: [ app_init ] --END-- [ RunTime:0.000000s ]
INFO: [ app_begin ] --START--
INFO: Run Behavior\ReadHtmlCacheBehavior [ RunTime:0.001000s ]
INFO: [ app_begin ] --END-- [ RunTime:0.001000s ]
SQL: SHOW COLUMNS FROM `hms_menu_web` [ RunTime:0.0030s ]
SQL: SELECT * FROM `hms_menu_web` WHERE `status` = 1 ORDER BY sort asc,createtime desc  [ RunTime:0.0010s ]
SQL: SHOW COLUMNS FROM `hms_ad_info` [ RunTime:0.0030s ]
SQL: SELECT * FROM `hms_ad_info` WHERE ( l_id = 1 AND is_show = 1 AND flag = 1 AND begin_time <= 1457447726  ) ORDER BY sort ASC  [ RunTime:0.0000s ]
INFO: [ view_parse ] --START--
NOTIC: [2] file_get_contents(./Application/Web/View/Public/footer.html): failed to open stream: No such file or directory D:\xampp\htdocs\hms_web1\ThinkPHP\Library\Think\Template.class.php 第 696 行.
INFO: [ template_filter ] --START--
INFO: Run Behavior\ContentReplaceBehavior [ RunTime:0.000000s ]
INFO: [ template_filter ] --END-- [ RunTime:0.000000s ]
INFO: Run Behavior\ParseTemplateBehavior [ RunTime:0.025002s ]
INFO: [ view_parse ] --END-- [ RunTime:0.026002s ]
INFO: [ view_filter ] --START--
INFO: Run Behavior\WriteHtmlCacheBehavior [ RunTime:0.000000s ]
INFO: [ view_filter ] --END-- [ RunTime:0.000000s ]
INFO: [ app_end ] --START--
INFO: Run Behavior\ShowPageTraceBehavior [ RunTime:0.001000s ]
INFO: [ app_end ] --END-- [ RunTime:0.002000s ]

[ 2016-03-08T22:36:29+08:00 ] 127.0.0.1 /
INFO: [ app_init ] --START--
INFO: Run Behavior\BuildLiteBehavior [ RunTime:0.000000s ]
INFO: [ app_init ] --END-- [ RunTime:0.001000s ]
INFO: [ app_begin ] --START--
INFO: Run Behavior\ReadHtmlCacheBehavior [ RunTime:0.000000s ]
INFO: [ app_begin ] --END-- [ RunTime:0.001000s ]
SQL: SHOW COLUMNS FROM `hms_menu_web` [ RunTime:0.0010s ]
SQL: SELECT * FROM `hms_menu_web` WHERE `status` = 1 ORDER BY sort asc,createtime desc  [ RunTime:0.0000s ]
SQL: SHOW COLUMNS FROM `hms_ad_info` [ RunTime:0.0020s ]
SQL: SELECT * FROM `hms_ad_info` WHERE ( l_id = 1 AND is_show = 1 AND flag = 1 AND begin_time <= 1457447789  ) ORDER BY sort ASC  [ RunTime:0.0000s ]
INFO: [ view_parse ] --START--
NOTIC: [2] file_get_contents(./Application/Web/View/Public/footer.html): failed to open stream: No such file or directory D:\xampp\htdocs\hms_web1\ThinkPHP\Library\Think\Template.class.php 第 696 行.
INFO: [ template_filter ] --START--
INFO: Run Behavior\ContentReplaceBehavior [ RunTime:0.000000s ]
INFO: [ template_filter ] --END-- [ RunTime:0.000000s ]
INFO: Run Behavior\ParseTemplateBehavior [ RunTime:0.012001s ]
INFO: [ view_parse ] --END-- [ RunTime:0.012001s ]
INFO: [ view_filter ] --START--
INFO: Run Behavior\WriteHtmlCacheBehavior [ RunTime:0.000000s ]
INFO: [ view_filter ] --END-- [ RunTime:0.000000s ]
INFO: [ app_end ] --START--
INFO: Run Behavior\ShowPageTraceBehavior [ RunTime:0.000000s ]
INFO: [ app_end ] --END-- [ RunTime:0.000000s ]

[ 2016-03-08T22:37:24+08:00 ] 127.0.0.1 /
INFO: [ app_init ] --START--
INFO: Run Behavior\BuildLiteBehavior [ RunTime:0.000000s ]
INFO: [ app_init ] --END-- [ RunTime:0.000000s ]
INFO: [ app_begin ] --START--
INFO: Run Behavior\ReadHtmlCacheBehavior [ RunTime:0.000000s ]
INFO: [ app_begin ] --END-- [ RunTime:0.000000s ]
SQL: SHOW COLUMNS FROM `hms_menu_web` [ RunTime:0.0030s ]
SQL: SELECT * FROM `hms_menu_web` WHERE `status` = 1 ORDER BY sort asc,createtime desc  [ RunTime:0.0010s ]
SQL: SHOW COLUMNS FROM `hms_ad_info` [ RunTime:0.0020s ]
SQL: SELECT * FROM `hms_ad_info` WHERE ( l_id = 1 AND is_show = 1 AND flag = 1 AND begin_time <= 1457447844  ) ORDER BY sort ASC  [ RunTime:0.0010s ]
INFO: [ view_parse ] --START--
NOTIC: [2] file_get_contents(./Application/Web/View/Public/footer.html): failed to open stream: No such file or directory D:\xampp\htdocs\hms_web1\ThinkPHP\Library\Think\Template.class.php 第 696 行.
INFO: [ template_filter ] --START--
INFO: Run Behavior\ContentReplaceBehavior [ RunTime:0.000000s ]
INFO: [ template_filter ] --END-- [ RunTime:0.000000s ]
INFO: Run Behavior\ParseTemplateBehavior [ RunTime:0.025001s ]
INFO: [ view_parse ] --END-- [ RunTime:0.026001s ]
INFO: [ view_filter ] --START--
INFO: Run Behavior\WriteHtmlCacheBehavior [ RunTime:0.000000s ]
INFO: [ view_filter ] --END-- [ RunTime:0.000000s ]
INFO: [ app_end ] --START--
INFO: Run Behavior\ShowPageTraceBehavior [ RunTime:0.001001s ]
INFO: [ app_end ] --END-- [ RunTime:0.001001s ]

[ 2016-03-08T22:45:10+08:00 ] 127.0.0.1 /
INFO: [ app_init ] --START--
INFO: Run Behavior\BuildLiteBehavior [ RunTime:0.000000s ]
INFO: [ app_init ] --END-- [ RunTime:0.000000s ]
INFO: [ app_begin ] --START--
INFO: Run Behavior\ReadHtmlCacheBehavior [ RunTime:0.000000s ]
INFO: [ app_begin ] --END-- [ RunTime:0.000000s ]
SQL: SHOW COLUMNS FROM `hms_menu_web` [ RunTime:0.0030s ]
SQL: SELECT * FROM `hms_menu_web` WHERE `status` = 1 ORDER BY sort asc,createtime desc  [ RunTime:0.0010s ]
SQL: SHOW COLUMNS FROM `hms_ad_info` [ RunTime:0.0020s ]
SQL: SELECT * FROM `hms_ad_info` WHERE ( l_id = 1 AND is_show = 1 AND flag = 1 AND begin_time <= 1457448310  ) ORDER BY sort ASC  [ RunTime:0.0000s ]
SQL: SHOW COLUMNS FROM `hms_case` [ RunTime:0.0020s ]
SQL: SELECT * FROM `hms_case` ORDER BY id desc LIMIT 10   [ RunTime:0.0000s ]
INFO: [ view_parse ] --START--
NOTIC: [2] file_get_contents(./Application/Web/View/Public/footer.html): failed to open stream: No such file or directory D:\xampp\htdocs\hms_web1\ThinkPHP\Library\Think\Template.class.php 第 696 行.
INFO: [ template_filter ] --START--
INFO: Run Behavior\ContentReplaceBehavior [ RunTime:0.000000s ]
INFO: [ template_filter ] --END-- [ RunTime:0.000000s ]
INFO: Run Behavior\ParseTemplateBehavior [ RunTime:0.029002s ]
INFO: [ view_parse ] --END-- [ RunTime:0.029002s ]
INFO: [ view_filter ] --START--
INFO: Run Behavior\WriteHtmlCacheBehavior [ RunTime:0.000000s ]
INFO: [ view_filter ] --END-- [ RunTime:0.000000s ]
INFO: [ app_end ] --START--
INFO: Run Behavior\ShowPageTraceBehavior [ RunTime:0.001000s ]
INFO: [ app_end ] --END-- [ RunTime:0.001000s ]

[ 2016-03-08T22:48:21+08:00 ] 127.0.0.1 /
INFO: [ app_init ] --START--
INFO: Run Behavior\BuildLiteBehavior [ RunTime:0.000000s ]
INFO: [ app_init ] --END-- [ RunTime:0.000000s ]
INFO: [ app_begin ] --START--
INFO: Run Behavior\ReadHtmlCacheBehavior [ RunTime:0.000000s ]
INFO: [ app_begin ] --END-- [ RunTime:0.000000s ]
SQL: SHOW COLUMNS FROM `hms_menu_web` [ RunTime:0.0030s ]
SQL: SELECT * FROM `hms_menu_web` WHERE `status` = 1 ORDER BY sort asc,createtime desc  [ RunTime:0.0010s ]
SQL: SHOW COLUMNS FROM `hms_ad_info` [ RunTime:0.0030s ]
SQL: SELECT * FROM `hms_ad_info` WHERE ( l_id = 1 AND is_show = 1 AND flag = 1 AND begin_time <= 1457448501  ) ORDER BY sort ASC  [ RunTime:0.0010s ]
SQL: SHOW COLUMNS FROM `hms_case` [ RunTime:0.0030s ]
SQL: SHOW COLUMNS FROM `hms_case_cat` [ RunTime:0.0020s ]
SQL: SELECT * FROM `hms_case` ORDER BY id desc LIMIT 10   [ RunTime:0.0000s ]
NOTIC: [8] Undefined index: cid D:\xampp\htdocs\hms_web1\Application\Web\Controller\IndexController.class.php 第 15 行.
SQL: SELECT `name` FROM `hms_case_cat` WHERE `id` = null ORDER BY id asc LIMIT 1   [ RunTime:0.0010s ]
INFO: [ view_parse ] --START--
NOTIC: [2] file_get_contents(./Application/Web/View/Public/footer.html): failed to open stream: No such file or directory D:\xampp\htdocs\hms_web1\ThinkPHP\Library\Think\Template.class.php 第 696 行.
INFO: [ template_filter ] --START--
INFO: Run Behavior\ContentReplaceBehavior [ RunTime:0.000000s ]
INFO: [ template_filter ] --END-- [ RunTime:0.000000s ]
NOTIC: [8] Undefined index: cat D:\xampp\htdocs\hms_web1\Application\Runtime\Cache\Web\c8b1e5771bc271e64e454ef6da535ec7.php 第 55 行.
INFO: Run Behavior\ParseTemplateBehavior [ RunTime:0.023001s ]
INFO: [ view_parse ] --END-- [ RunTime:0.023001s ]
INFO: [ view_filter ] --START--
INFO: Run Behavior\WriteHtmlCacheBehavior [ RunTime:0.000000s ]
INFO: [ view_filter ] --END-- [ RunTime:0.000000s ]
INFO: [ app_end ] --START--
INFO: Run Behavior\ShowPageTraceBehavior [ RunTime:0.001001s ]
INFO: [ app_end ] --END-- [ RunTime:0.001001s ]

[ 2016-03-08T22:48:50+08:00 ] 127.0.0.1 /
INFO: [ app_init ] --START--
INFO: Run Behavior\BuildLiteBehavior [ RunTime:0.000000s ]
INFO: [ app_init ] --END-- [ RunTime:0.000000s ]
INFO: [ app_begin ] --START--
INFO: Run Behavior\ReadHtmlCacheBehavior [ RunTime:0.000000s ]
INFO: [ app_begin ] --END-- [ RunTime:0.000000s ]
SQL: SHOW COLUMNS FROM `hms_menu_web` [ RunTime:0.0030s ]
SQL: SELECT * FROM `hms_menu_web` WHERE `status` = 1 ORDER BY sort asc,createtime desc  [ RunTime:0.0010s ]
SQL: SHOW COLUMNS FROM `hms_ad_info` [ RunTime:0.0020s ]
SQL: SELECT * FROM `hms_ad_info` WHERE ( l_id = 1 AND is_show = 1 AND flag = 1 AND begin_time <= 1457448530  ) ORDER BY sort ASC  [ RunTime:0.0000s ]
SQL: SHOW COLUMNS FROM `hms_case` [ RunTime:0.0020s ]
SQL: SHOW COLUMNS FROM `hms_case_cat` [ RunTime:0.0020s ]
SQL: SELECT * FROM `hms_case` ORDER BY id desc LIMIT 10   [ RunTime:0.0000s ]
NOTIC: [8] Undefined index: cid D:\xampp\htdocs\hms_web1\Application\Web\Controller\IndexController.class.php 第 15 行.
SQL: SELECT `name` FROM `hms_case_cat` WHERE `id` = null ORDER BY id asc LIMIT 1   [ RunTime:0.0010s ]
INFO: [ view_parse ] --START--
NOTIC: [2] file_get_contents(./Application/Web/View/Public/footer.html): failed to open stream: No such file or directory D:\xampp\htdocs\hms_web1\ThinkPHP\Library\Think\Template.class.php 第 696 行.
INFO: [ template_filter ] --START--
INFO: Run Behavior\ContentReplaceBehavior [ RunTime:0.000000s ]
INFO: [ template_filter ] --END-- [ RunTime:0.000000s ]
NOTIC: [8] Undefined index: cat D:\xampp\htdocs\hms_web1\Application\Runtime\Cache\Web\c8b1e5771bc271e64e454ef6da535ec7.php 第 55 行.
INFO: Run Behavior\ParseTemplateBehavior [ RunTime:0.027001s ]
INFO: [ view_parse ] --END-- [ RunTime:0.027001s ]
INFO: [ view_filter ] --START--
INFO: Run Behavior\WriteHtmlCacheBehavior [ RunTime:0.000000s ]
INFO: [ view_filter ] --END-- [ RunTime:0.000000s ]
INFO: [ app_end ] --START--
INFO: Run Behavior\ShowPageTraceBehavior [ RunTime:0.000000s ]
INFO: [ app_end ] --END-- [ RunTime:0.000000s ]

[ 2016-03-08T22:49:30+08:00 ] 127.0.0.1 /
INFO: [ app_init ] --START--
INFO: Run Behavior\BuildLiteBehavior [ RunTime:0.000000s ]
INFO: [ app_init ] --END-- [ RunTime:0.000000s ]
INFO: [ app_begin ] --START--
INFO: Run Behavior\ReadHtmlCacheBehavior [ RunTime:0.001000s ]
INFO: [ app_begin ] --END-- [ RunTime:0.001000s ]
SQL: SHOW COLUMNS FROM `hms_menu_web` [ RunTime:0.0020s ]
SQL: SELECT * FROM `hms_menu_web` WHERE `status` = 1 ORDER BY sort asc,createtime desc  [ RunTime:0.0000s ]
SQL: SHOW COLUMNS FROM `hms_ad_info` [ RunTime:0.0020s ]
SQL: SELECT * FROM `hms_ad_info` WHERE ( l_id = 1 AND is_show = 1 AND flag = 1 AND begin_time <= 1457448570  ) ORDER BY sort ASC  [ RunTime:0.0010s ]
SQL: SHOW COLUMNS FROM `hms_case` [ RunTime:0.0010s ]
SQL: SHOW COLUMNS FROM `hms_case_cat` [ RunTime:0.0020s ]
SQL: SELECT * FROM `hms_case` ORDER BY id desc LIMIT 10   [ RunTime:0.0000s ]
NOTIC: [8] Undefined index: cid D:\xampp\htdocs\hms_web1\Application\Web\Controller\IndexController.class.php 第 16 行.
SQL: SELECT `name` FROM `hms_case_cat` WHERE `id` = null ORDER BY id asc LIMIT 1   [ RunTime:0.0000s ]
INFO: [ view_parse ] --START--
NOTIC: [2] file_get_contents(./Application/Web/View/Public/footer.html): failed to open stream: No such file or directory D:\xampp\htdocs\hms_web1\ThinkPHP\Library\Think\Template.class.php 第 696 行.
INFO: [ template_filter ] --START--
INFO: Run Behavior\ContentReplaceBehavior [ RunTime:0.000000s ]
INFO: [ template_filter ] --END-- [ RunTime:0.000000s ]
NOTIC: [8] Undefined index: cat D:\xampp\htdocs\hms_web1\Application\Runtime\Cache\Web\c8b1e5771bc271e64e454ef6da535ec7.php 第 55 行.
INFO: Run Behavior\ParseTemplateBehavior [ RunTime:0.020001s ]
INFO: [ view_parse ] --END-- [ RunTime:0.020001s ]
INFO: [ view_filter ] --START--
INFO: Run Behavior\WriteHtmlCacheBehavior [ RunTime:0.000000s ]
INFO: [ view_filter ] --END-- [ RunTime:0.000000s ]
INFO: [ app_end ] --START--
INFO: Run Behavior\ShowPageTraceBehavior [ RunTime:0.001000s ]
INFO: [ app_end ] --END-- [ RunTime:0.001000s ]

[ 2016-03-08T22:49:34+08:00 ] 127.0.0.1 /
INFO: [ app_init ] --START--
INFO: Run Behavior\BuildLiteBehavior [ RunTime:0.000000s ]
INFO: [ app_init ] --END-- [ RunTime:0.000000s ]
INFO: [ app_begin ] --START--
INFO: Run Behavior\ReadHtmlCacheBehavior [ RunTime:0.001000s ]
INFO: [ app_begin ] --END-- [ RunTime:0.001000s ]
SQL: SHOW COLUMNS FROM `hms_menu_web` [ RunTime:0.0030s ]
SQL: SELECT * FROM `hms_menu_web` WHERE `status` = 1 ORDER BY sort asc,createtime desc  [ RunTime:0.0010s ]
SQL: SHOW COLUMNS FROM `hms_ad_info` [ RunTime:0.0020s ]
SQL: SELECT * FROM `hms_ad_info` WHERE ( l_id = 1 AND is_show = 1 AND flag = 1 AND begin_time <= 1457448574  ) ORDER BY sort ASC  [ RunTime:0.0000s ]
SQL: SHOW COLUMNS FROM `hms_case` [ RunTime:0.0020s ]
SQL: SHOW COLUMNS FROM `hms_case_cat` [ RunTime:0.0020s ]
SQL: SELECT * FROM `hms_case` ORDER BY id desc LIMIT 10   [ RunTime:0.0000s ]
NOTIC: [8] Undefined index: cid D:\xampp\htdocs\hms_web1\Application\Web\Controller\IndexController.class.php 第 16 行.
SQL: SELECT `name` FROM `hms_case_cat` WHERE `id` = null ORDER BY id asc LIMIT 1   [ RunTime:0.0000s ]
INFO: [ view_parse ] --START--
NOTIC: [2] file_get_contents(./Application/Web/View/Public/footer.html): failed to open stream: No such file or directory D:\xampp\htdocs\hms_web1\ThinkPHP\Library\Think\Template.class.php 第 696 行.
INFO: [ template_filter ] --START--
INFO: Run Behavior\ContentReplaceBehavior [ RunTime:0.000000s ]
INFO: [ template_filter ] --END-- [ RunTime:0.000000s ]
NOTIC: [8] Undefined index: cat D:\xampp\htdocs\hms_web1\Application\Runtime\Cache\Web\c8b1e5771bc271e64e454ef6da535ec7.php 第 55 行.
INFO: Run Behavior\ParseTemplateBehavior [ RunTime:0.022001s ]
INFO: [ view_parse ] --END-- [ RunTime:0.022001s ]
INFO: [ view_filter ] --START--
INFO: Run Behavior\WriteHtmlCacheBehavior [ RunTime:0.000000s ]
INFO: [ view_filter ] --END-- [ RunTime:0.000000s ]
INFO: [ app_end ] --START--
INFO: Run Behavior\ShowPageTraceBehavior [ RunTime:0.001000s ]
INFO: [ app_end ] --END-- [ RunTime:0.001000s ]

[ 2016-03-08T22:49:35+08:00 ] 127.0.0.1 /
INFO: [ app_init ] --START--
INFO: Run Behavior\BuildLiteBehavior [ RunTime:0.000000s ]
INFO: [ app_init ] --END-- [ RunTime:0.000000s ]
INFO: [ app_begin ] --START--
INFO: Run Behavior\ReadHtmlCacheBehavior [ RunTime:0.001000s ]
INFO: [ app_begin ] --END-- [ RunTime:0.001000s ]
SQL: SHOW COLUMNS FROM `hms_menu_web` [ RunTime:0.0020s ]
SQL: SELECT * FROM `hms_menu_web` WHERE `status` = 1 ORDER BY sort asc,createtime desc  [ RunTime:0.0000s ]
SQL: SHOW COLUMNS FROM `hms_ad_info` [ RunTime:0.0020s ]
SQL: SELECT * FROM `hms_ad_info` WHERE ( l_id = 1 AND is_show = 1 AND flag = 1 AND begin_time <= 1457448575  ) ORDER BY sort ASC  [ RunTime:0.0010s ]
SQL: SHOW COLUMNS FROM `hms_case` [ RunTime:0.0020s ]
SQL: SHOW COLUMNS FROM `hms_case_cat` [ RunTime:0.0020s ]
SQL: SELECT * FROM `hms_case` ORDER BY id desc LIMIT 10   [ RunTime:0.0000s ]
NOTIC: [8] Undefined index: cid D:\xampp\htdocs\hms_web1\Application\Web\Controller\IndexController.class.php 第 16 行.
SQL: SELECT `name` FROM `hms_case_cat` WHERE `id` = null ORDER BY id asc LIMIT 1   [ RunTime:0.0000s ]
INFO: [ view_parse ] --START--
NOTIC: [2] file_get_contents(./Application/Web/View/Public/footer.html): failed to open stream: No such file or directory D:\xampp\htdocs\hms_web1\ThinkPHP\Library\Think\Template.class.php 第 696 行.
INFO: [ template_filter ] --START--
INFO: Run Behavior\ContentReplaceBehavior [ RunTime:0.000000s ]
INFO: [ template_filter ] --END-- [ RunTime:0.000000s ]
NOTIC: [8] Undefined index: cat D:\xampp\htdocs\hms_web1\Application\Runtime\Cache\Web\c8b1e5771bc271e64e454ef6da535ec7.php 第 55 行.
INFO: Run Behavior\ParseTemplateBehavior [ RunTime:0.027001s ]
INFO: [ view_parse ] --END-- [ RunTime:0.027001s ]
INFO: [ view_filter ] --START--
INFO: Run Behavior\WriteHtmlCacheBehavior [ RunTime:0.001000s ]
INFO: [ view_filter ] --END-- [ RunTime:0.001000s ]
INFO: [ app_end ] --START--
INFO: Run Behavior\ShowPageTraceBehavior [ RunTime:0.000000s ]
INFO: [ app_end ] --END-- [ RunTime:0.000000s ]

[ 2016-03-08T22:49:36+08:00 ] 127.0.0.1 /
INFO: [ app_init ] --START--
INFO: Run Behavior\BuildLiteBehavior [ RunTime:0.000000s ]
INFO: [ app_init ] --END-- [ RunTime:0.001000s ]
INFO: [ app_begin ] --START--
INFO: Run Behavior\ReadHtmlCacheBehavior [ RunTime:0.000000s ]
INFO: [ app_begin ] --END-- [ RunTime:0.000000s ]
SQL: SHOW COLUMNS FROM `hms_menu_web` [ RunTime:0.0030s ]
SQL: SELECT * FROM `hms_menu_web` WHERE `status` = 1 ORDER BY sort asc,createtime desc  [ RunTime:0.0000s ]
SQL: SHOW COLUMNS FROM `hms_ad_info` [ RunTime:0.0020s ]
SQL: SELECT * FROM `hms_ad_info` WHERE ( l_id = 1 AND is_show = 1 AND flag = 1 AND begin_time <= 1457448576  ) ORDER BY sort ASC  [ RunTime:0.0010s ]
SQL: SHOW COLUMNS FROM `hms_case` [ RunTime:0.0020s ]
SQL: SHOW COLUMNS FROM `hms_case_cat` [ RunTime:0.0020s ]
SQL: SELECT * FROM `hms_case` ORDER BY id desc LIMIT 10   [ RunTime:0.0010s ]
NOTIC: [8] Undefined index: cid D:\xampp\htdocs\hms_web1\Application\Web\Controller\IndexController.class.php 第 16 行.
SQL: SELECT `name` FROM `hms_case_cat` WHERE `id` = null ORDER BY id asc LIMIT 1   [ RunTime:0.0000s ]
INFO: [ view_parse ] --START--
NOTIC: [2] file_get_contents(./Application/Web/View/Public/footer.html): failed to open stream: No such file or directory D:\xampp\htdocs\hms_web1\ThinkPHP\Library\Think\Template.class.php 第 696 行.
INFO: [ template_filter ] --START--
INFO: Run Behavior\ContentReplaceBehavior [ RunTime:0.000000s ]
INFO: [ template_filter ] --END-- [ RunTime:0.000000s ]
NOTIC: [8] Undefined index: cat D:\xampp\htdocs\hms_web1\Application\Runtime\Cache\Web\c8b1e5771bc271e64e454ef6da535ec7.php 第 55 行.
INFO: Run Behavior\ParseTemplateBehavior [ RunTime:0.027001s ]
INFO: [ view_parse ] --END-- [ RunTime:0.027001s ]
INFO: [ view_filter ] --START--
INFO: Run Behavior\WriteHtmlCacheBehavior [ RunTime:0.001000s ]
INFO: [ view_filter ] --END-- [ RunTime:0.001000s ]
INFO: [ app_end ] --START--
INFO: Run Behavior\ShowPageTraceBehavior [ RunTime:0.001001s ]
INFO: [ app_end ] --END-- [ RunTime:0.001001s ]

[ 2016-03-08T22:49:37+08:00 ] 127.0.0.1 /
INFO: [ app_init ] --START--
INFO: Run Behavior\BuildLiteBehavior [ RunTime:0.000000s ]
INFO: [ app_init ] --END-- [ RunTime:0.000000s ]
INFO: [ app_begin ] --START--
INFO: Run Behavior\ReadHtmlCacheBehavior [ RunTime:0.001000s ]
INFO: [ app_begin ] --END-- [ RunTime:0.001000s ]
SQL: SHOW COLUMNS FROM `hms_menu_web` [ RunTime:0.0030s ]
SQL: SELECT * FROM `hms_menu_web` WHERE `status` = 1 ORDER BY sort asc,createtime desc  [ RunTime:0.0000s ]
SQL: SHOW COLUMNS FROM `hms_ad_info` [ RunTime:0.0020s ]
SQL: SELECT * FROM `hms_ad_info` WHERE ( l_id = 1 AND is_show = 1 AND flag = 1 AND begin_time <= 1457448577  ) ORDER BY sort ASC  [ RunTime:0.0010s ]
SQL: SHOW COLUMNS FROM `hms_case` [ RunTime:0.0020s ]
SQL: SHOW COLUMNS FROM `hms_case_cat` [ RunTime:0.0020s ]
SQL: SELECT * FROM `hms_case` ORDER BY id desc LIMIT 10   [ RunTime:0.0010s ]
NOTIC: [8] Undefined index: cid D:\xampp\htdocs\hms_web1\Application\Web\Controller\IndexController.class.php 第 16 行.
SQL: SELECT `name` FROM `hms_case_cat` WHERE `id` = null ORDER BY id asc LIMIT 1   [ RunTime:0.0000s ]
INFO: [ view_parse ] --START--
NOTIC: [2] file_get_contents(./Application/Web/View/Public/footer.html): failed to open stream: No such file or directory D:\xampp\htdocs\hms_web1\ThinkPHP\Library\Think\Template.class.php 第 696 行.
INFO: [ template_filter ] --START--
INFO: Run Behavior\ContentReplaceBehavior [ RunTime:0.001000s ]
INFO: [ template_filter ] --END-- [ RunTime:0.001000s ]
NOTIC: [8] Undefined index: cat D:\xampp\htdocs\hms_web1\Application\Runtime\Cache\Web\c8b1e5771bc271e64e454ef6da535ec7.php 第 55 行.
INFO: Run Behavior\ParseTemplateBehavior [ RunTime:0.028002s ]
INFO: [ view_parse ] --END-- [ RunTime:0.028002s ]
INFO: [ view_filter ] --START--
INFO: Run Behavior\WriteHtmlCacheBehavior [ RunTime:0.001000s ]
INFO: [ view_filter ] --END-- [ RunTime:0.001000s ]
INFO: [ app_end ] --START--
INFO: Run Behavior\ShowPageTraceBehavior [ RunTime:0.001000s ]
INFO: [ app_end ] --END-- [ RunTime:0.001000s ]

[ 2016-03-08T22:49:45+08:00 ] 127.0.0.1 /
INFO: [ app_init ] --START--
INFO: Run Behavior\BuildLiteBehavior [ RunTime:0.000000s ]
INFO: [ app_init ] --END-- [ RunTime:0.001000s ]
INFO: [ app_begin ] --START--
INFO: Run Behavior\ReadHtmlCacheBehavior [ RunTime:0.001000s ]
INFO: [ app_begin ] --END-- [ RunTime:0.001000s ]
SQL: SHOW COLUMNS FROM `hms_menu_web` [ RunTime:0.0030s ]
SQL: SELECT * FROM `hms_menu_web` WHERE `status` = 1 ORDER BY sort asc,createtime desc  [ RunTime:0.0000s ]
SQL: SHOW COLUMNS FROM `hms_ad_info` [ RunTime:0.0020s ]
SQL: SELECT * FROM `hms_ad_info` WHERE ( l_id = 1 AND is_show = 1 AND flag = 1 AND begin_time <= 1457448585  ) ORDER BY sort ASC  [ RunTime:0.0010s ]
SQL: SHOW COLUMNS FROM `hms_case` [ RunTime:0.0030s ]
SQL: SHOW COLUMNS FROM `hms_case_cat` [ RunTime:0.0020s ]
SQL: SELECT * FROM `hms_case` ORDER BY id desc LIMIT 10   [ RunTime:0.0000s ]
NOTIC: [8] Undefined index: cid D:\xampp\htdocs\hms_web1\Application\Web\Controller\IndexController.class.php 第 16 行.
SQL: SELECT `name` FROM `hms_case_cat` WHERE `id` = null ORDER BY id asc LIMIT 1   [ RunTime:0.0000s ]
INFO: [ view_parse ] --START--
NOTIC: [2] file_get_contents(./Application/Web/View/Public/footer.html): failed to open stream: No such file or directory D:\xampp\htdocs\hms_web1\ThinkPHP\Library\Think\Template.class.php 第 696 行.
INFO: [ template_filter ] --START--
INFO: Run Behavior\ContentReplaceBehavior [ RunTime:0.000000s ]
INFO: [ template_filter ] --END-- [ RunTime:0.000000s ]
INFO: Run Behavior\ParseTemplateBehavior [ RunTime:0.024002s ]
INFO: [ view_parse ] --END-- [ RunTime:0.024002s ]
INFO: [ view_filter ] --START--
INFO: Run Behavior\WriteHtmlCacheBehavior [ RunTime:0.000000s ]
INFO: [ view_filter ] --END-- [ RunTime:0.000000s ]
INFO: [ app_end ] --START--
INFO: Run Behavior\ShowPageTraceBehavior [ RunTime:0.001000s ]
INFO: [ app_end ] --END-- [ RunTime:0.001000s ]

[ 2016-03-08T22:50:00+08:00 ] 127.0.0.1 /
INFO: [ app_init ] --START--
INFO: Run Behavior\BuildLiteBehavior [ RunTime:0.000000s ]
INFO: [ app_init ] --END-- [ RunTime:0.001000s ]
INFO: [ app_begin ] --START--
INFO: Run Behavior\ReadHtmlCacheBehavior [ RunTime:0.001000s ]
INFO: [ app_begin ] --END-- [ RunTime:0.001000s ]
SQL: SHOW COLUMNS FROM `hms_menu_web` [ RunTime:0.0030s ]
SQL: SELECT * FROM `hms_menu_web` WHERE `status` = 1 ORDER BY sort asc,createtime desc  [ RunTime:0.0010s ]
SQL: SHOW COLUMNS FROM `hms_ad_info` [ RunTime:0.0020s ]
SQL: SELECT * FROM `hms_ad_info` WHERE ( l_id = 1 AND is_show = 1 AND flag = 1 AND begin_time <= 1457448600  ) ORDER BY sort ASC  [ RunTime:0.0000s ]
SQL: SHOW COLUMNS FROM `hms_case` [ RunTime:0.0030s ]
SQL: SHOW COLUMNS FROM `hms_case_cat` [ RunTime:0.0020s ]
SQL: SELECT * FROM `hms_case` ORDER BY id desc LIMIT 10   [ RunTime:0.0010s ]
SQL: SELECT `name` FROM `hms_case_cat` WHERE `id` = 2 ORDER BY id asc LIMIT 1   [ RunTime:0.0000s ]
INFO: [ view_parse ] --START--
NOTIC: [2] file_get_contents(./Application/Web/View/Public/footer.html): failed to open stream: No such file or directory D:\xampp\htdocs\hms_web1\ThinkPHP\Library\Think\Template.class.php 第 696 行.
INFO: [ template_filter ] --START--
INFO: Run Behavior\ContentReplaceBehavior [ RunTime:0.000000s ]
INFO: [ template_filter ] --END-- [ RunTime:0.000000s ]
INFO: Run Behavior\ParseTemplateBehavior [ RunTime:0.025001s ]
INFO: [ view_parse ] --END-- [ RunTime:0.026001s ]
INFO: [ view_filter ] --START--
INFO: Run Behavior\WriteHtmlCacheBehavior [ RunTime:0.000000s ]
INFO: [ view_filter ] --END-- [ RunTime:0.001000s ]
INFO: [ app_end ] --START--
INFO: Run Behavior\ShowPageTraceBehavior [ RunTime:0.000000s ]
INFO: [ app_end ] --END-- [ RunTime:0.001000s ]

[ 2016-03-08T22:50:07+08:00 ] 127.0.0.1 /
INFO: [ app_init ] --START--
INFO: Run Behavior\BuildLiteBehavior [ RunTime:0.000000s ]
INFO: [ app_init ] --END-- [ RunTime:0.000000s ]
INFO: [ app_begin ] --START--
INFO: Run Behavior\ReadHtmlCacheBehavior [ RunTime:0.001000s ]
INFO: [ app_begin ] --END-- [ RunTime:0.001000s ]
SQL: SHOW COLUMNS FROM `hms_menu_web` [ RunTime:0.0020s ]
SQL: SELECT * FROM `hms_menu_web` WHERE `status` = 1 ORDER BY sort asc,createtime desc  [ RunTime:0.0000s ]
SQL: SHOW COLUMNS FROM `hms_ad_info` [ RunTime:0.0020s ]
SQL: SELECT * FROM `hms_ad_info` WHERE ( l_id = 1 AND is_show = 1 AND flag = 1 AND begin_time <= 1457448607  ) ORDER BY sort ASC  [ RunTime:0.0000s ]
SQL: SHOW COLUMNS FROM `hms_case` [ RunTime:0.0020s ]
SQL: SHOW COLUMNS FROM `hms_case_cat` [ RunTime:0.0010s ]
SQL: SELECT * FROM `hms_case` ORDER BY id desc LIMIT 10   [ RunTime:0.0000s ]
SQL: SELECT `name` FROM `hms_case_cat` WHERE `id` = 2 ORDER BY id asc LIMIT 1   [ RunTime:0.0010s ]
INFO: [ view_parse ] --START--
NOTIC: [2] file_get_contents(./Application/Web/View/Public/footer.html): failed to open stream: No such file or directory D:\xampp\htdocs\hms_web1\ThinkPHP\Library\Think\Template.class.php 第 696 行.
INFO: [ template_filter ] --START--
INFO: Run Behavior\ContentReplaceBehavior [ RunTime:0.000000s ]
INFO: [ template_filter ] --END-- [ RunTime:0.000000s ]
INFO: Run Behavior\ParseTemplateBehavior [ RunTime:0.028001s ]
INFO: [ view_parse ] --END-- [ RunTime:0.028001s ]
INFO: [ view_filter ] --START--
INFO: Run Behavior\WriteHtmlCacheBehavior [ RunTime:0.000000s ]
INFO: [ view_filter ] --END-- [ RunTime:0.000000s ]
INFO: [ app_end ] --START--
INFO: Run Behavior\ShowPageTraceBehavior [ RunTime:0.001001s ]
INFO: [ app_end ] --END-- [ RunTime:0.001001s ]

[ 2016-03-08T22:50:27+08:00 ] 127.0.0.1 /
INFO: [ app_init ] --START--
INFO: Run Behavior\BuildLiteBehavior [ RunTime:0.000000s ]
INFO: [ app_init ] --END-- [ RunTime:0.001001s ]
INFO: [ app_begin ] --START--
INFO: Run Behavior\ReadHtmlCacheBehavior [ RunTime:0.001000s ]
INFO: [ app_begin ] --END-- [ RunTime:0.001000s ]
SQL: SHOW COLUMNS FROM `hms_menu_web` [ RunTime:0.0020s ]
SQL: SELECT * FROM `hms_menu_web` WHERE `status` = 1 ORDER BY sort asc,createtime desc  [ RunTime:0.0000s ]
SQL: SHOW COLUMNS FROM `hms_ad_info` [ RunTime:0.0010s ]
SQL: SELECT * FROM `hms_ad_info` WHERE ( l_id = 1 AND is_show = 1 AND flag = 1 AND begin_time <= 1457448627  ) ORDER BY sort ASC  [ RunTime:0.0000s ]
SQL: SHOW COLUMNS FROM `hms_case` [ RunTime:0.0010s ]
SQL: SHOW COLUMNS FROM `hms_case_cat` [ RunTime:0.0010s ]
SQL: SELECT * FROM `hms_case` ORDER BY id desc LIMIT 10   [ RunTime:0.0000s ]
SQL: SELECT `name` FROM `hms_case_cat` WHERE `id` = 2 ORDER BY id asc LIMIT 1   [ RunTime:0.0000s ]
INFO: [ view_parse ] --START--
NOTIC: [2] file_get_contents(./Application/Web/View/Public/footer.html): failed to open stream: No such file or directory D:\xampp\htdocs\hms_web1\ThinkPHP\Library\Think\Template.class.php 第 696 行.
INFO: [ template_filter ] --START--
INFO: Run Behavior\ContentReplaceBehavior [ RunTime:0.000000s ]
INFO: [ template_filter ] --END-- [ RunTime:0.000000s ]
INFO: Run Behavior\ParseTemplateBehavior [ RunTime:0.013001s ]
INFO: [ view_parse ] --END-- [ RunTime:0.013001s ]
INFO: [ view_filter ] --START--
INFO: Run Behavior\WriteHtmlCacheBehavior [ RunTime:0.000000s ]
INFO: [ view_filter ] --END-- [ RunTime:0.000000s ]
INFO: [ app_end ] --START--
INFO: Run Behavior\ShowPageTraceBehavior [ RunTime:0.001000s ]
INFO: [ app_end ] --END-- [ RunTime:0.001000s ]

[ 2016-03-08T22:51:11+08:00 ] 127.0.0.1 /
INFO: [ app_init ] --START--
INFO: Run Behavior\BuildLiteBehavior [ RunTime:0.000000s ]
INFO: [ app_init ] --END-- [ RunTime:0.001000s ]
INFO: [ app_begin ] --START--
INFO: Run Behavior\ReadHtmlCacheBehavior [ RunTime:0.001000s ]
INFO: [ app_begin ] --END-- [ RunTime:0.001000s ]
SQL: SHOW COLUMNS FROM `hms_menu_web` [ RunTime:0.0030s ]
SQL: SELECT * FROM `hms_menu_web` WHERE `status` = 1 ORDER BY sort asc,createtime desc  [ RunTime:0.0010s ]
SQL: SHOW COLUMNS FROM `hms_ad_info` [ RunTime:0.0030s ]
SQL: SELECT * FROM `hms_ad_info` WHERE ( l_id = 1 AND is_show = 1 AND flag = 1 AND begin_time <= 1457448671  ) ORDER BY sort ASC  [ RunTime:0.0000s ]
SQL: SHOW COLUMNS FROM `hms_case` [ RunTime:0.0020s ]
SQL: SHOW COLUMNS FROM `hms_case_cat` [ RunTime:0.0020s ]
SQL: SELECT * FROM `hms_case` ORDER BY id desc LIMIT 10   [ RunTime:0.0010s ]
SQL: SELECT `name` FROM `hms_case_cat` WHERE `id` = 2 ORDER BY id asc LIMIT 1   [ RunTime:0.0010s ]
INFO: [ view_parse ] --START--
NOTIC: [2] file_get_contents(./Application/Web/View/Public/footer.html): failed to open stream: No such file or directory D:\xampp\htdocs\hms_web1\ThinkPHP\Library\Think\Template.class.php 第 696 行.
INFO: [ template_filter ] --START--
INFO: Run Behavior\ContentReplaceBehavior [ RunTime:0.000000s ]
INFO: [ template_filter ] --END-- [ RunTime:0.000000s ]
INFO: Run Behavior\ParseTemplateBehavior [ RunTime:0.028001s ]
INFO: [ view_parse ] --END-- [ RunTime:0.028001s ]
INFO: [ view_filter ] --START--
INFO: Run Behavior\WriteHtmlCacheBehavior [ RunTime:0.000000s ]
INFO: [ view_filter ] --END-- [ RunTime:0.000000s ]
INFO: [ app_end ] --START--
INFO: Run Behavior\ShowPageTraceBehavior [ RunTime:0.001000s ]
INFO: [ app_end ] --END-- [ RunTime:0.001000s ]

[ 2016-03-08T22:51:47+08:00 ] 127.0.0.1 /
INFO: [ app_init ] --START--
INFO: Run Behavior\BuildLiteBehavior [ RunTime:0.000000s ]
INFO: [ app_init ] --END-- [ RunTime:0.001000s ]
INFO: [ app_begin ] --START--
INFO: Run Behavior\ReadHtmlCacheBehavior [ RunTime:0.001001s ]
INFO: [ app_begin ] --END-- [ RunTime:0.001001s ]
SQL: SHOW COLUMNS FROM `hms_menu_web` [ RunTime:0.0020s ]
SQL: SELECT * FROM `hms_menu_web` WHERE `status` = 1 ORDER BY sort asc,createtime desc  [ RunTime:0.0010s ]
SQL: SHOW COLUMNS FROM `hms_ad_info` [ RunTime:0.0020s ]
SQL: SELECT * FROM `hms_ad_info` WHERE ( l_id = 1 AND is_show = 1 AND flag = 1 AND begin_time <= 1457448707  ) ORDER BY sort ASC  [ RunTime:0.0010s ]
SQL: SHOW COLUMNS FROM `hms_case` [ RunTime:0.0030s ]
SQL: SHOW COLUMNS FROM `hms_case_cat` [ RunTime:0.0020s ]
SQL: SELECT * FROM `hms_case` ORDER BY id desc LIMIT 10   [ RunTime:0.0010s ]
SQL: SELECT `name` FROM `hms_case_cat` WHERE `id` = 2 ORDER BY id asc LIMIT 1   [ RunTime:0.0000s ]
INFO: [ view_parse ] --START--
NOTIC: [2] file_get_contents(./Application/Web/View/Public/footer.html): failed to open stream: No such file or directory D:\xampp\htdocs\hms_web1\ThinkPHP\Library\Think\Template.class.php 第 696 行.
INFO: [ template_filter ] --START--
INFO: Run Behavior\ContentReplaceBehavior [ RunTime:0.001000s ]
INFO: [ template_filter ] --END-- [ RunTime:0.001000s ]
INFO: Run Behavior\ParseTemplateBehavior [ RunTime:0.021001s ]
INFO: [ view_parse ] --END-- [ RunTime:0.021001s ]
INFO: [ view_filter ] --START--
INFO: Run Behavior\WriteHtmlCacheBehavior [ RunTime:0.000000s ]
INFO: [ view_filter ] --END-- [ RunTime:0.000000s ]
INFO: [ app_end ] --START--
INFO: Run Behavior\ShowPageTraceBehavior [ RunTime:0.000000s ]
INFO: [ app_end ] --END-- [ RunTime:0.001000s ]

[ 2016-03-08T22:53:03+08:00 ] 127.0.0.1 /
INFO: [ app_init ] --START--
INFO: Run Behavior\BuildLiteBehavior [ RunTime:0.000000s ]
INFO: [ app_init ] --END-- [ RunTime:0.000000s ]
INFO: [ app_begin ] --START--
INFO: Run Behavior\ReadHtmlCacheBehavior [ RunTime:0.001000s ]
INFO: [ app_begin ] --END-- [ RunTime:0.001000s ]
SQL: SHOW COLUMNS FROM `hms_menu_web` [ RunTime:0.0020s ]
SQL: SELECT * FROM `hms_menu_web` WHERE `status` = 1 ORDER BY sort asc,createtime desc  [ RunTime:0.0010s ]
SQL: SHOW COLUMNS FROM `hms_ad_info` [ RunTime:0.0020s ]
SQL: SELECT * FROM `hms_ad_info` WHERE ( l_id = 1 AND is_show = 1 AND flag = 1 AND begin_time <= 1457448783  ) ORDER BY sort ASC  [ RunTime:0.0010s ]
SQL: SHOW COLUMNS FROM `hms_case` [ RunTime:0.0020s ]
SQL: SHOW COLUMNS FROM `hms_case_cat` [ RunTime:0.0020s ]
SQL: SELECT * FROM `hms_case` ORDER BY id desc LIMIT 10   [ RunTime:0.0000s ]
SQL: SELECT `name` FROM `hms_case_cat` WHERE `id` = 2 ORDER BY id asc LIMIT 1   [ RunTime:0.0000s ]
INFO: [ view_parse ] --START--
NOTIC: [2] file_get_contents(./Application/Web/View/Public/footer.html): failed to open stream: No such file or directory D:\xampp\htdocs\hms_web1\ThinkPHP\Library\Think\Template.class.php 第 696 行.
INFO: [ template_filter ] --START--
INFO: Run Behavior\ContentReplaceBehavior [ RunTime:0.000000s ]
INFO: [ template_filter ] --END-- [ RunTime:0.000000s ]
INFO: Run Behavior\ParseTemplateBehavior [ RunTime:0.022002s ]
INFO: [ view_parse ] --END-- [ RunTime:0.022002s ]
INFO: [ view_filter ] --START--
INFO: Run Behavior\WriteHtmlCacheBehavior [ RunTime:0.000000s ]
INFO: [ view_filter ] --END-- [ RunTime:0.000000s ]
INFO: [ app_end ] --START--
INFO: Run Behavior\ShowPageTraceBehavior [ RunTime:0.001000s ]
INFO: [ app_end ] --END-- [ RunTime:0.001000s ]

[ 2016-03-08T22:56:02+08:00 ] 127.0.0.1 /
INFO: [ app_init ] --START--
INFO: Run Behavior\BuildLiteBehavior [ RunTime:0.000000s ]
INFO: [ app_init ] --END-- [ RunTime:0.001000s ]
INFO: [ app_begin ] --START--
INFO: Run Behavior\ReadHtmlCacheBehavior [ RunTime:0.001000s ]
INFO: [ app_begin ] --END-- [ RunTime:0.001000s ]
SQL: SHOW COLUMNS FROM `hms_menu_web` [ RunTime:0.0030s ]
SQL: SELECT * FROM `hms_menu_web` WHERE `status` = 1 ORDER BY sort asc,createtime desc  [ RunTime:0.0010s ]
SQL: SHOW COLUMNS FROM `hms_ad_info` [ RunTime:0.0020s ]
SQL: SELECT * FROM `hms_ad_info` WHERE ( l_id = 1 AND is_show = 1 AND flag = 1 AND begin_time <= 1457448962  ) ORDER BY sort ASC  [ RunTime:0.0000s ]
SQL: SHOW COLUMNS FROM `hms_case` [ RunTime:0.0030s ]
SQL: SHOW COLUMNS FROM `hms_case_cat` [ RunTime:0.0020s ]
SQL: SELECT * FROM `hms_case` ORDER BY id desc LIMIT 10   [ RunTime:0.0000s ]
SQL: SELECT `name` FROM `hms_case_cat` WHERE `id` = 2 ORDER BY id asc LIMIT 1   [ RunTime:0.0000s ]
INFO: [ view_parse ] --START--
NOTIC: [2] file_get_contents(./Application/Web/View/Public/footer.html): failed to open stream: No such file or directory D:\xampp\htdocs\hms_web1\ThinkPHP\Library\Think\Template.class.php 第 696 行.
INFO: [ template_filter ] --START--
INFO: Run Behavior\ContentReplaceBehavior [ RunTime:0.000000s ]
INFO: [ template_filter ] --END-- [ RunTime:0.000000s ]
INFO: Run Behavior\ParseTemplateBehavior [ RunTime:0.021002s ]
INFO: [ view_parse ] --END-- [ RunTime:0.021002s ]
INFO: [ view_filter ] --START--
INFO: Run Behavior\WriteHtmlCacheBehavior [ RunTime:0.000000s ]
INFO: [ view_filter ] --END-- [ RunTime:0.000000s ]
INFO: [ app_end ] --START--
INFO: Run Behavior\ShowPageTraceBehavior [ RunTime:0.000000s ]
INFO: [ app_end ] --END-- [ RunTime:0.000000s ]

[ 2016-03-08T22:57:22+08:00 ] 127.0.0.1 /
INFO: [ app_init ] --START--
INFO: Run Behavior\BuildLiteBehavior [ RunTime:0.000000s ]
INFO: [ app_init ] --END-- [ RunTime:0.001001s ]
INFO: [ app_begin ] --START--
INFO: Run Behavior\ReadHtmlCacheBehavior [ RunTime:0.001000s ]
INFO: [ app_begin ] --END-- [ RunTime:0.001000s ]
SQL: SHOW COLUMNS FROM `hms_menu_web` [ RunTime:0.0030s ]
SQL: SELECT * FROM `hms_menu_web` WHERE `status` = 1 ORDER BY sort asc,createtime desc  [ RunTime:0.0010s ]
SQL: SHOW COLUMNS FROM `hms_ad_info` [ RunTime:0.0020s ]
SQL: SELECT * FROM `hms_ad_info` WHERE ( l_id = 1 AND is_show = 1 AND flag = 1 AND begin_time <= 1457449042  ) ORDER BY sort ASC  [ RunTime:0.0000s ]
SQL: SHOW COLUMNS FROM `hms_case` [ RunTime:0.0020s ]
SQL: SHOW COLUMNS FROM `hms_case_cat` [ RunTime:0.0020s ]
SQL: SELECT * FROM `hms_case` ORDER BY id desc LIMIT 10   [ RunTime:0.0010s ]
SQL: SELECT `name` FROM `hms_case_cat` WHERE `id` = 2 ORDER BY id asc LIMIT 1   [ RunTime:0.0000s ]
INFO: [ view_parse ] --START--
NOTIC: [2] file_get_contents(./Application/Web/View/Public/footer.html): failed to open stream: No such file or directory D:\xampp\htdocs\hms_web1\ThinkPHP\Library\Think\Template.class.php 第 696 行.
INFO: [ template_filter ] --START--
INFO: Run Behavior\ContentReplaceBehavior [ RunTime:0.001000s ]
INFO: [ template_filter ] --END-- [ RunTime:0.001000s ]
INFO: Run Behavior\ParseTemplateBehavior [ RunTime:0.027002s ]
INFO: [ view_parse ] --END-- [ RunTime:0.027002s ]
INFO: [ view_filter ] --START--
INFO: Run Behavior\WriteHtmlCacheBehavior [ RunTime:0.000000s ]
INFO: [ view_filter ] --END-- [ RunTime:0.001000s ]
INFO: [ app_end ] --START--
INFO: Run Behavior\ShowPageTraceBehavior [ RunTime:0.001000s ]
INFO: [ app_end ] --END-- [ RunTime:0.001000s ]

[ 2016-03-08T22:57:43+08:00 ] 127.0.0.1 /
INFO: [ app_init ] --START--
INFO: Run Behavior\BuildLiteBehavior [ RunTime:0.000000s ]
INFO: [ app_init ] --END-- [ RunTime:0.000000s ]
INFO: [ app_begin ] --START--
INFO: Run Behavior\ReadHtmlCacheBehavior [ RunTime:0.000000s ]
INFO: [ app_begin ] --END-- [ RunTime:0.000000s ]
SQL: SHOW COLUMNS FROM `hms_menu_web` [ RunTime:0.0030s ]
SQL: SELECT * FROM `hms_menu_web` WHERE `status` = 1 ORDER BY sort asc,createtime desc  [ RunTime:0.0010s ]
SQL: SHOW COLUMNS FROM `hms_ad_info` [ RunTime:0.0020s ]
SQL: SELECT * FROM `hms_ad_info` WHERE ( l_id = 1 AND is_show = 1 AND flag = 1 AND begin_time <= 1457449063  ) ORDER BY sort ASC  [ RunTime:0.0000s ]
SQL: SHOW COLUMNS FROM `hms_case` [ RunTime:0.0020s ]
SQL: SHOW COLUMNS FROM `hms_case_cat` [ RunTime:0.0020s ]
SQL: SELECT * FROM `hms_case` ORDER BY id desc LIMIT 10   [ RunTime:0.0000s ]
SQL: SELECT `name` FROM `hms_case_cat` WHERE `id` = 2 ORDER BY id asc LIMIT 1   [ RunTime:0.0000s ]
INFO: [ view_parse ] --START--
NOTIC: [2] file_get_contents(./Application/Web/View/Public/footer.html): failed to open stream: No such file or directory D:\xampp\htdocs\hms_web1\ThinkPHP\Library\Think\Template.class.php 第 696 行.
INFO: [ template_filter ] --START--
INFO: Run Behavior\ContentReplaceBehavior [ RunTime:0.000000s ]
INFO: [ template_filter ] --END-- [ RunTime:0.000000s ]
INFO: Run Behavior\ParseTemplateBehavior [ RunTime:0.028002s ]
INFO: [ view_parse ] --END-- [ RunTime:0.028002s ]
INFO: [ view_filter ] --START--
INFO: Run Behavior\WriteHtmlCacheBehavior [ RunTime:0.000000s ]
INFO: [ view_filter ] --END-- [ RunTime:0.000000s ]
INFO: [ app_end ] --START--
INFO: Run Behavior\ShowPageTraceBehavior [ RunTime:0.000000s ]
INFO: [ app_end ] --END-- [ RunTime:0.002000s ]

[ 2016-03-08T22:57:58+08:00 ] 127.0.0.1 /
INFO: [ app_init ] --START--
INFO: Run Behavior\BuildLiteBehavior [ RunTime:0.000000s ]
INFO: [ app_init ] --END-- [ RunTime:0.000000s ]
INFO: [ app_begin ] --START--
INFO: Run Behavior\ReadHtmlCacheBehavior [ RunTime:0.000000s ]
INFO: [ app_begin ] --END-- [ RunTime:0.000000s ]
SQL: SHOW COLUMNS FROM `hms_menu_web` [ RunTime:0.0010s ]
SQL: SELECT * FROM `hms_menu_web` WHERE `status` = 1 ORDER BY sort asc,createtime desc  [ RunTime:0.0000s ]
SQL: SHOW COLUMNS FROM `hms_ad_info` [ RunTime:0.0010s ]
SQL: SELECT * FROM `hms_ad_info` WHERE ( l_id = 1 AND is_show = 1 AND flag = 1 AND begin_time <= 1457449078  ) ORDER BY sort ASC  [ RunTime:0.0010s ]
SQL: SHOW COLUMNS FROM `hms_case` [ RunTime:0.0010s ]
SQL: SHOW COLUMNS FROM `hms_case_cat` [ RunTime:0.0010s ]
SQL: SELECT * FROM `hms_case` ORDER BY id desc LIMIT 10   [ RunTime:0.0000s ]
SQL: SELECT `name` FROM `hms_case_cat` WHERE `id` = 2 ORDER BY id asc LIMIT 1   [ RunTime:0.0000s ]
INFO: [ view_parse ] --START--
NOTIC: [2] file_get_contents(./Application/Web/View/Public/footer.html): failed to open stream: No such file or directory D:\xampp\htdocs\hms_web1\ThinkPHP\Library\Think\Template.class.php 第 696 行.
INFO: [ template_filter ] --START--
INFO: Run Behavior\ContentReplaceBehavior [ RunTime:0.001000s ]
INFO: [ template_filter ] --END-- [ RunTime:0.001000s ]
INFO: Run Behavior\ParseTemplateBehavior [ RunTime:0.013001s ]
INFO: [ view_parse ] --END-- [ RunTime:0.013001s ]
INFO: [ view_filter ] --START--
INFO: Run Behavior\WriteHtmlCacheBehavior [ RunTime:0.000000s ]
INFO: [ view_filter ] --END-- [ RunTime:0.000000s ]
INFO: [ app_end ] --START--
INFO: Run Behavior\ShowPageTraceBehavior [ RunTime:0.000000s ]
INFO: [ app_end ] --END-- [ RunTime:0.000000s ]

[ 2016-03-08T22:59:50+08:00 ] 127.0.0.1 /
INFO: [ app_init ] --START--
INFO: Run Behavior\BuildLiteBehavior [ RunTime:0.000000s ]
INFO: [ app_init ] --END-- [ RunTime:0.001000s ]
INFO: [ app_begin ] --START--
INFO: Run Behavior\ReadHtmlCacheBehavior [ RunTime:0.000000s ]
INFO: [ app_begin ] --END-- [ RunTime:0.000000s ]
SQL: SHOW COLUMNS FROM `hms_menu_web` [ RunTime:0.0030s ]
SQL: SELECT * FROM `hms_menu_web` WHERE `status` = 1 ORDER BY sort asc,createtime desc  [ RunTime:0.0010s ]
SQL: SHOW COLUMNS FROM `hms_ad_info` [ RunTime:0.0030s ]
SQL: SELECT * FROM `hms_ad_info` WHERE ( l_id = 1 AND is_show = 1 AND flag = 1 AND begin_time <= 1457449190  ) ORDER BY sort ASC  [ RunTime:0.0010s ]
SQL: SHOW COLUMNS FROM `hms_case` [ RunTime:0.0020s ]
SQL: SHOW COLUMNS FROM `hms_case_cat` [ RunTime:0.0020s ]
SQL: SELECT * FROM `hms_case` ORDER BY id desc LIMIT 10   [ RunTime:0.0010s ]
SQL: SELECT `name` FROM `hms_case_cat` WHERE `id` = 2 ORDER BY id asc LIMIT 1   [ RunTime:0.0000s ]
SQL: SELECT `name` FROM `hms_case_cat` WHERE `id` = 2 ORDER BY id asc LIMIT 1   [ RunTime:0.0000s ]
INFO: [ view_parse ] --START--
NOTIC: [2] file_get_contents(./Application/Web/View/Public/footer.html): failed to open stream: No such file or directory D:\xampp\htdocs\hms_web1\ThinkPHP\Library\Think\Template.class.php 第 696 行.
INFO: [ template_filter ] --START--
INFO: Run Behavior\ContentReplaceBehavior [ RunTime:0.000000s ]
INFO: [ template_filter ] --END-- [ RunTime:0.000000s ]
INFO: Run Behavior\ParseTemplateBehavior [ RunTime:0.024002s ]
INFO: [ view_parse ] --END-- [ RunTime:0.024002s ]
INFO: [ view_filter ] --START--
INFO: Run Behavior\WriteHtmlCacheBehavior [ RunTime:0.000000s ]
INFO: [ view_filter ] --END-- [ RunTime:0.000000s ]
INFO: [ app_end ] --START--
INFO: Run Behavior\ShowPageTraceBehavior [ RunTime:0.001000s ]
INFO: [ app_end ] --END-- [ RunTime:0.001000s ]

[ 2016-03-08T22:59:56+08:00 ] 127.0.0.1 /Web/Case/detail/id/2.html
INFO: [ app_init ] --START--
INFO: Run Behavior\BuildLiteBehavior [ RunTime:0.000000s ]
INFO: [ app_init ] --END-- [ RunTime:0.000000s ]
INFO: [ app_begin ] --START--
INFO: Run Behavior\ReadHtmlCacheBehavior [ RunTime:0.000000s ]
INFO: [ app_begin ] --END-- [ RunTime:0.001000s ]
ERR: 无法加载控制器:Case

[ 2016-03-08T23:00:39+08:00 ] 127.0.0.1 /
INFO: [ app_init ] --START--
INFO: Run Behavior\BuildLiteBehavior [ RunTime:0.000000s ]
INFO: [ app_init ] --END-- [ RunTime:0.000000s ]
INFO: [ app_begin ] --START--
INFO: Run Behavior\ReadHtmlCacheBehavior [ RunTime:0.001000s ]
INFO: [ app_begin ] --END-- [ RunTime:0.001000s ]
SQL: SHOW COLUMNS FROM `hms_menu_web` [ RunTime:0.0030s ]
SQL: SELECT * FROM `hms_menu_web` WHERE `status` = 1 ORDER BY sort asc,createtime desc  [ RunTime:0.0010s ]
SQL: SHOW COLUMNS FROM `hms_ad_info` [ RunTime:0.0030s ]
SQL: SELECT * FROM `hms_ad_info` WHERE ( l_id = 1 AND is_show = 1 AND flag = 1 AND begin_time <= 1457449239  ) ORDER BY sort ASC  [ RunTime:0.0010s ]
SQL: SHOW COLUMNS FROM `hms_case` [ RunTime:0.0020s ]
SQL: SHOW COLUMNS FROM `hms_case_cat` [ RunTime:0.0020s ]
SQL: SELECT * FROM `hms_case` ORDER BY id desc LIMIT 10   [ RunTime:0.0000s ]
SQL: SELECT `name` FROM `hms_case_cat` WHERE `id` = 2 ORDER BY id asc LIMIT 1   [ RunTime:0.0000s ]
SQL: SELECT `name` FROM `hms_case_cat` WHERE `id` = 2 ORDER BY id asc LIMIT 1   [ RunTime:0.0010s ]
INFO: [ view_parse ] --START--
NOTIC: [2] file_get_contents(./Application/Web/View/Public/footer.html): failed to open stream: No such file or directory D:\xampp\htdocs\hms_web1\ThinkPHP\Library\Think\Template.class.php 第 696 行.
INFO: [ template_filter ] --START--
INFO: Run Behavior\ContentReplaceBehavior [ RunTime:0.000000s ]
INFO: [ template_filter ] --END-- [ RunTime:0.000000s ]
INFO: Run Behavior\ParseTemplateBehavior [ RunTime:0.020001s ]
INFO: [ view_parse ] --END-- [ RunTime:0.020001s ]
INFO: [ view_filter ] --START--
INFO: Run Behavior\WriteHtmlCacheBehavior [ RunTime:0.000000s ]
INFO: [ view_filter ] --END-- [ RunTime:0.001000s ]
INFO: [ app_end ] --START--
INFO: Run Behavior\ShowPageTraceBehavior [ RunTime:0.001000s ]
INFO: [ app_end ] --END-- [ RunTime:0.001000s ]

[ 2016-03-08T23:01:58+08:00 ] 127.0.0.1 /
INFO: [ app_init ] --START--
INFO: Run Behavior\BuildLiteBehavior [ RunTime:0.000000s ]
INFO: [ app_init ] --END-- [ RunTime:0.000000s ]
INFO: [ app_begin ] --START--
INFO: Run Behavior\ReadHtmlCacheBehavior [ RunTime:0.001000s ]
INFO: [ app_begin ] --END-- [ RunTime:0.001000s ]
SQL: SHOW COLUMNS FROM `hms_menu_web` [ RunTime:0.0020s ]
SQL: SELECT * FROM `hms_menu_web` WHERE `status` = 1 ORDER BY sort asc,createtime desc  [ RunTime:0.0000s ]
SQL: SHOW COLUMNS FROM `hms_ad_info` [ RunTime:0.0020s ]
SQL: SELECT * FROM `hms_ad_info` WHERE ( l_id = 1 AND is_show = 1 AND flag = 1 AND begin_time <= 1457449318  ) ORDER BY sort ASC  [ RunTime:0.0000s ]
SQL: SHOW COLUMNS FROM `hms_case` [ RunTime:0.0020s ]
SQL: SHOW COLUMNS FROM `hms_case_cat` [ RunTime:0.0020s ]
SQL: SELECT * FROM `hms_case` ORDER BY id desc LIMIT 10   [ RunTime:0.0000s ]
SQL: SELECT `name` FROM `hms_case_cat` WHERE `id` = 2 ORDER BY id asc LIMIT 1   [ RunTime:0.0010s ]
SQL: SELECT `name` FROM `hms_case_cat` WHERE `id` = 2 ORDER BY id asc LIMIT 1   [ RunTime:0.0000s ]
INFO: [ view_parse ] --START--
NOTIC: [2] file_get_contents(./Application/Web/View/Public/footer.html): failed to open stream: No such file or directory D:\xampp\htdocs\hms_web1\ThinkPHP\Library\Think\Template.class.php 第 696 行.
INFO: [ template_filter ] --START--
INFO: Run Behavior\ContentReplaceBehavior [ RunTime:0.000000s ]
INFO: [ template_filter ] --END-- [ RunTime:0.000000s ]
INFO: Run Behavior\ParseTemplateBehavior [ RunTime:0.023001s ]
INFO: [ view_parse ] --END-- [ RunTime:0.023001s ]
INFO: [ view_filter ] --START--
INFO: Run Behavior\WriteHtmlCacheBehavior [ RunTime:0.000000s ]
INFO: [ view_filter ] --END-- [ RunTime:0.000000s ]
INFO: [ app_end ] --START--
INFO: Run Behavior\ShowPageTraceBehavior [ RunTime:0.001000s ]
INFO: [ app_end ] --END-- [ RunTime:0.001000s ]

[ 2016-03-08T23:17:12+08:00 ] 127.0.0.1 /
INFO: [ app_init ] --START--
INFO: Run Behavior\BuildLiteBehavior [ RunTime:0.000000s ]
INFO: [ app_init ] --END-- [ RunTime:0.001000s ]
INFO: [ app_begin ] --START--
INFO: Run Behavior\ReadHtmlCacheBehavior [ RunTime:0.000000s ]
INFO: [ app_begin ] --END-- [ RunTime:0.001000s ]
SQL: SHOW COLUMNS FROM `hms_menu_web` [ RunTime:0.0030s ]
SQL: SELECT * FROM `hms_menu_web` WHERE `status` = 1 ORDER BY sort asc,createtime desc  [ RunTime:0.0010s ]
SQL: SHOW COLUMNS FROM `hms_ad_info` [ RunTime:0.0030s ]
SQL: SELECT * FROM `hms_ad_info` WHERE ( l_id = 1 AND is_show = 1 AND flag = 1 AND begin_time <= 1457450232  ) ORDER BY sort ASC  [ RunTime:0.0010s ]
SQL: SHOW COLUMNS FROM `hms_case` [ RunTime:0.0020s ]
SQL: SHOW COLUMNS FROM `hms_case_cat` [ RunTime:0.0020s ]
SQL: SELECT * FROM `hms_case` ORDER BY id desc LIMIT 10   [ RunTime:0.0000s ]
SQL: SELECT `name` FROM `hms_case_cat` WHERE `id` = 2 ORDER BY id asc LIMIT 1   [ RunTime:0.0010s ]
SQL: SELECT `name` FROM `hms_case_cat` WHERE `id` = 2 ORDER BY id asc LIMIT 1   [ RunTime:0.0000s ]
SQL: SHOW COLUMNS FROM `hms_page` [ RunTime:0.0020s ]
SQL: SELECT * FROM `hms_page` WHERE `id` = 1 ORDER BY id asc LIMIT 1   [ RunTime:0.0000s ]
INFO: [ view_parse ] --START--
NOTIC: [2] file_get_contents(./Application/Web/View/Public/footer.html): failed to open stream: No such file or directory D:\xampp\htdocs\hms_web1\ThinkPHP\Library\Think\Template.class.php 第 696 行.
INFO: [ template_filter ] --START--
INFO: Run Behavior\ContentReplaceBehavior [ RunTime:0.000000s ]
INFO: [ template_filter ] --END-- [ RunTime:0.000000s ]
INFO: Run Behavior\ParseTemplateBehavior [ RunTime:0.022001s ]
INFO: [ view_parse ] --END-- [ RunTime:0.022001s ]
INFO: [ view_filter ] --START--
INFO: Run Behavior\WriteHtmlCacheBehavior [ RunTime:0.001000s ]
INFO: [ view_filter ] --END-- [ RunTime:0.001000s ]
INFO: [ app_end ] --START--
INFO: Run Behavior\ShowPageTraceBehavior [ RunTime:0.001000s ]
INFO: [ app_end ] --END-- [ RunTime:0.001000s ]

[ 2016-03-08T23:18:44+08:00 ] 127.0.0.1 /
INFO: [ app_init ] --START--
INFO: Run Behavior\BuildLiteBehavior [ RunTime:0.000000s ]
INFO: [ app_init ] --END-- [ RunTime:0.000000s ]
INFO: [ app_begin ] --START--
INFO: Run Behavior\ReadHtmlCacheBehavior [ RunTime:0.000000s ]
INFO: [ app_begin ] --END-- [ RunTime:0.000000s ]
SQL: SHOW COLUMNS FROM `hms_menu_web` [ RunTime:0.0030s ]
SQL: SELECT * FROM `hms_menu_web` WHERE `status` = 1 ORDER BY sort asc,createtime desc  [ RunTime:0.0010s ]
SQL: SHOW COLUMNS FROM `hms_ad_info` [ RunTime:0.0030s ]
SQL: SELECT * FROM `hms_ad_info` WHERE ( l_id = 1 AND is_show = 1 AND flag = 1 AND begin_time <= 1457450324  ) ORDER BY sort ASC  [ RunTime:0.0010s ]
SQL: SHOW COLUMNS FROM `hms_case` [ RunTime:0.0020s ]
SQL: SHOW COLUMNS FROM `hms_case_cat` [ RunTime:0.0020s ]
SQL: SELECT * FROM `hms_case` ORDER BY id desc LIMIT 10   [ RunTime:0.0000s ]
SQL: SELECT `name` FROM `hms_case_cat` WHERE `id` = 2 ORDER BY id asc LIMIT 1   [ RunTime:0.0010s ]
SQL: SELECT `name` FROM `hms_case_cat` WHERE `id` = 2 ORDER BY id asc LIMIT 1   [ RunTime:0.0000s ]
SQL: SHOW COLUMNS FROM `hms_page` [ RunTime:0.0030s ]
SQL: SELECT * FROM `hms_page` WHERE `id` = 1 ORDER BY id asc LIMIT 1   [ RunTime:0.0000s ]
INFO: [ view_parse ] --START--
NOTIC: [2] file_get_contents(./Application/Web/View/Public/footer.html): failed to open stream: No such file or directory D:\xampp\htdocs\hms_web1\ThinkPHP\Library\Think\Template.class.php 第 696 行.
INFO: [ template_filter ] --START--
INFO: Run Behavior\ContentReplaceBehavior [ RunTime:0.001000s ]
INFO: [ template_filter ] --END-- [ RunTime:0.001000s ]
INFO: Run Behavior\ParseTemplateBehavior [ RunTime:0.023001s ]
INFO: [ view_parse ] --END-- [ RunTime:0.023001s ]
INFO: [ view_filter ] --START--
INFO: Run Behavior\WriteHtmlCacheBehavior [ RunTime:0.001000s ]
INFO: [ view_filter ] --END-- [ RunTime:0.001000s ]
INFO: [ app_end ] --START--
INFO: Run Behavior\ShowPageTraceBehavior [ RunTime:0.001000s ]
INFO: [ app_end ] --END-- [ RunTime:0.001000s ]

[ 2016-03-08T23:18:49+08:00 ] 127.0.0.1 /Web/Page/index/id/1.html
INFO: [ app_init ] --START--
INFO: Run Behavior\BuildLiteBehavior [ RunTime:0.000000s ]
INFO: [ app_init ] --END-- [ RunTime:0.001000s ]
INFO: [ app_begin ] --START--
INFO: Run Behavior\ReadHtmlCacheBehavior [ RunTime:0.001001s ]
INFO: [ app_begin ] --END-- [ RunTime:0.001001s ]
ERR: 无法加载控制器:Page

